<?xml version="1.0" encoding="UTF-8"?>
<coverage generated="1737012824069" clover="3.2.0">
  <project timestamp="1737012824069" name="All files">
    <metrics statements="120" coveredstatements="119" conditionals="43" coveredconditionals="42" methods="21" coveredmethods="21" elements="184" coveredelements="182" complexity="0" loc="120" ncloc="120" packages="2" files="7" classes="7"/>
    <package name="constants">
      <metrics statements="6" coveredstatements="6" conditionals="0" coveredconditionals="0" methods="0" coveredmethods="0"/>
      <file name="auth.constant.js" path="C:\Users\USER\Desktop\github\SquidDelivery\src\constants\auth.constant.js">
        <metrics statements="3" coveredstatements="3" conditionals="0" coveredconditionals="0" methods="0" coveredmethods="0"/>
        <line num="3" count="2" type="stmt"/>
        <line num="6" count="2" type="stmt"/>
        <line num="9" count="2" type="stmt"/>
      </file>
      <file name="http-status.constant.js" path="C:\Users\USER\Desktop\github\SquidDelivery\src\constants\http-status.constant.js">
        <metrics statements="1" coveredstatements="1" conditionals="0" coveredconditionals="0" methods="0" coveredmethods="0"/>
        <line num="2" count="1" type="stmt"/>
      </file>
      <file name="message.constant.js" path="C:\Users\USER\Desktop\github\SquidDelivery\src\constants\message.constant.js">
        <metrics statements="2" coveredstatements="2" conditionals="0" coveredconditionals="0" methods="0" coveredmethods="0"/>
        <line num="3" count="2" type="stmt"/>
        <line num="151" count="2" type="stmt"/>
      </file>
    </package>
    <package name="services.partner">
      <metrics statements="114" coveredstatements="113" conditionals="43" coveredconditionals="42" methods="21" coveredmethods="21"/>
      <file name="comment.service.js" path="C:\Users\USER\Desktop\github\SquidDelivery\src\services\partner\comment.service.js">
        <metrics statements="46" coveredstatements="46" conditionals="14" coveredconditionals="14" methods="5" coveredmethods="5"/>
        <line num="14" count="11" type="stmt"/>
        <line num="18" count="11" type="stmt"/>
        <line num="20" count="4" type="stmt"/>
        <line num="21" count="4" type="cond" truecount="2" falsecount="0"/>
        <line num="22" count="1" type="stmt"/>
        <line num="23" count="1" type="stmt"/>
        <line num="24" count="1" type="stmt"/>
        <line num="28" count="3" type="cond" truecount="2" falsecount="0"/>
        <line num="29" count="1" type="stmt"/>
        <line num="30" count="1" type="stmt"/>
        <line num="31" count="1" type="stmt"/>
        <line num="35" count="2" type="stmt"/>
        <line num="36" count="2" type="cond" truecount="2" falsecount="0"/>
        <line num="37" count="1" type="stmt"/>
        <line num="38" count="1" type="stmt"/>
        <line num="39" count="1" type="stmt"/>
        <line num="43" count="1" type="stmt"/>
        <line num="49" count="1" type="stmt"/>
        <line num="56" count="11" type="stmt"/>
        <line num="57" count="1" type="stmt"/>
        <line num="58" count="1" type="stmt"/>
        <line num="65" count="11" type="stmt"/>
        <line num="67" count="3" type="stmt"/>
        <line num="68" count="3" type="cond" truecount="2" falsecount="0"/>
        <line num="69" count="1" type="stmt"/>
        <line num="70" count="1" type="stmt"/>
        <line num="71" count="1" type="stmt"/>
        <line num="75" count="2" type="cond" truecount="2" falsecount="0"/>
        <line num="76" count="1" type="stmt"/>
        <line num="77" count="1" type="stmt"/>
        <line num="78" count="1" type="stmt"/>
        <line num="82" count="1" type="stmt"/>
        <line num="84" count="1" type="stmt"/>
        <line num="91" count="11" type="stmt"/>
        <line num="93" count="3" type="stmt"/>
        <line num="94" count="3" type="stmt"/>
        <line num="95" count="3" type="cond" truecount="2" falsecount="0"/>
        <line num="96" count="1" type="stmt"/>
        <line num="97" count="1" type="stmt"/>
        <line num="98" count="1" type="stmt"/>
        <line num="102" count="2" type="cond" truecount="2" falsecount="0"/>
        <line num="103" count="1" type="stmt"/>
        <line num="104" count="1" type="stmt"/>
        <line num="105" count="1" type="stmt"/>
        <line num="109" count="1" type="stmt"/>
        <line num="111" count="1" type="stmt"/>
      </file>
      <file name="menu.service.js" path="C:\Users\USER\Desktop\github\SquidDelivery\src\services\partner\menu.service.js">
        <metrics statements="15" coveredstatements="15" conditionals="5" coveredconditionals="5" methods="5" coveredmethods="5"/>
        <line num="7" count="5" type="stmt"/>
        <line num="9" count="5" type="stmt"/>
        <line num="10" count="2" type="cond" truecount="5" falsecount="0"/>
        <line num="11" count="1" type="stmt"/>
        <line num="13" count="1" type="stmt"/>
        <line num="19" count="1" type="stmt"/>
        <line num="22" count="5" type="stmt"/>
        <line num="23" count="1" type="stmt"/>
        <line num="26" count="1" type="stmt"/>
        <line num="28" count="5" type="stmt"/>
        <line num="29" count="1" type="stmt"/>
        <line num="33" count="1" type="stmt"/>
        <line num="36" count="5" type="stmt"/>
        <line num="37" count="1" type="stmt"/>
        <line num="40" count="1" type="stmt"/>
      </file>
      <file name="orders.service.js" path="C:\Users\USER\Desktop\github\SquidDelivery\src\services\partner\orders.service.js">
        <metrics statements="35" coveredstatements="34" conditionals="14" coveredconditionals="13" methods="5" coveredmethods="5"/>
        <line num="7" count="11" type="stmt"/>
        <line num="10" count="11" type="stmt"/>
        <line num="11" count="3" type="stmt"/>
        <line num="12" count="3" type="stmt"/>
        <line num="14" count="2" type="cond" truecount="2" falsecount="0"/>
        <line num="15" count="1" type="stmt"/>
        <line num="21" count="1" type="stmt"/>
        <line num="23" count="1" type="stmt"/>
        <line num="29" count="1" type="stmt"/>
        <line num="30" count="1" type="stmt"/>
        <line num="37" count="11" type="stmt"/>
        <line num="38" count="3" type="stmt"/>
        <line num="40" count="3" type="cond" truecount="2" falsecount="0"/>
        <line num="41" count="1" type="stmt"/>
        <line num="47" count="2" type="stmt"/>
        <line num="48" count="2" type="cond" truecount="2" falsecount="0"/>
        <line num="49" count="1" type="stmt"/>
        <line num="55" count="1" type="stmt"/>
        <line num="62" count="11" type="stmt"/>
        <line num="63" count="2" type="stmt"/>
        <line num="65" count="2" type="cond" truecount="2" falsecount="0"/>
        <line num="66" count="1" type="stmt"/>
        <line num="72" count="1" type="stmt"/>
        <line num="73" count="1" type="cond" truecount="1" falsecount="1"/>
        <line num="74" count="0" type="stmt"/>
        <line num="79" count="1" type="stmt"/>
        <line num="81" count="1" type="stmt"/>
        <line num="88" count="11" type="stmt"/>
        <line num="89" count="3" type="stmt"/>
        <line num="91" count="3" type="cond" truecount="2" falsecount="0"/>
        <line num="92" count="1" type="stmt"/>
        <line num="98" count="2" type="stmt"/>
        <line num="100" count="2" type="cond" truecount="2" falsecount="0"/>
        <line num="101" count="1" type="stmt"/>
        <line num="106" count="1" type="stmt"/>
      </file>
      <file name="partner.restaurants.service.js" path="C:\Users\USER\Desktop\github\SquidDelivery\src\services\partner\partner.restaurants.service.js">
        <metrics statements="18" coveredstatements="18" conditionals="10" coveredconditionals="10" methods="6" coveredmethods="6"/>
        <line num="7" count="10" type="stmt"/>
        <line num="11" count="2" type="cond" truecount="2" falsecount="0"/>
        <line num="12" count="1" type="stmt"/>
        <line num="14" count="1" type="stmt"/>
        <line num="18" count="2" type="stmt"/>
        <line num="19" count="2" type="cond" truecount="2" falsecount="0"/>
        <line num="20" count="1" type="stmt"/>
        <line num="22" count="1" type="stmt"/>
        <line num="26" count="2" type="stmt"/>
        <line num="27" count="2" type="cond" truecount="2" falsecount="0"/>
        <line num="28" count="1" type="stmt"/>
        <line num="30" count="1" type="stmt"/>
        <line num="34" count="1" type="stmt"/>
        <line num="38" count="3" type="stmt"/>
        <line num="40" count="3" type="cond" truecount="2" falsecount="0"/>
        <line num="41" count="1" type="stmt"/>
        <line num="44" count="2" type="cond" truecount="2" falsecount="0"/>
        <line num="45" count="1" type="stmt"/>
      </file>
    </package>
  </project>
</coverage>
