{"C:\\Users\\USER\\Desktop\\github\\SquidDelivery\\src\\constants\\auth.constant.js": {"path":"C:\\Users\\USER\\Desktop\\github\\SquidDelivery\\src\\constants\\auth.constant.js","statementMap":{"0":{"start":{"line":3,"column":32},"end":{"line":3,"column":34}},"1":{"start":{"line":6,"column":35},"end":{"line":6,"column":36}},"2":{"start":{"line":9,"column":39},"end":{"line":9,"column":44}}},"fnMap":{},"branchMap":{},"s":{"0":3,"1":3,"2":3},"f":{},"b":{},"inputSourceMap":null,"_coverageSchema":"1a1c01bbd47fc00a2c39e90264f33305004495a9","hash":"545861c0a8689f4d79a12ceafdaf19d7babb8677"}
,"C:\\Users\\USER\\Desktop\\github\\SquidDelivery\\src\\constants\\http-status.constant.js": {"path":"C:\\Users\\USER\\Desktop\\github\\SquidDelivery\\src\\constants\\http-status.constant.js","statementMap":{"0":{"start":{"line":2,"column":27},"end":{"line":11,"column":1}}},"fnMap":{},"branchMap":{},"s":{"0":2},"f":{},"b":{},"inputSourceMap":null,"_coverageSchema":"1a1c01bbd47fc00a2c39e90264f33305004495a9","hash":"8ccb5678497becb1204b6e4c02d3ec29e292cbf4"}
,"C:\\Users\\USER\\Desktop\\github\\SquidDelivery\\src\\constants\\message.constant.js": {"path":"C:\\Users\\USER\\Desktop\\github\\SquidDelivery\\src\\constants\\message.constant.js","statementMap":{"0":{"start":{"line":3,"column":24},"end":{"line":161,"column":1}},"1":{"start":{"line":163,"column":35},"end":{"line":163,"column":55}}},"fnMap":{},"branchMap":{},"s":{"0":3,"1":3},"f":{},"b":{},"inputSourceMap":null,"_coverageSchema":"1a1c01bbd47fc00a2c39e90264f33305004495a9","hash":"dcb8bf01f09e68d4dd0b42c795635f4259cb2d90"}
,"C:\\Users\\USER\\Desktop\\github\\SquidDelivery\\src\\repositories\\partner\\comment.repository.js": {"path":"C:\\Users\\USER\\Desktop\\github\\SquidDelivery\\src\\repositories\\partner\\comment.repository.js","statementMap":{"0":{"start":{"line":11,"column":4},"end":{"line":11,"column":26}},"1":{"start":{"line":15,"column":19},"end":{"line":29,"column":3}},"2":{"start":{"line":16,"column":4},"end":{"line":28,"column":7}},"3":{"start":{"line":32,"column":26},"end":{"line":36,"column":3}},"4":{"start":{"line":33,"column":4},"end":{"line":35,"column":7}},"5":{"start":{"line":39,"column":18},"end":{"line":53,"column":3}},"6":{"start":{"line":40,"column":23},"end":{"line":50,"column":6}},"7":{"start":{"line":52,"column":4},"end":{"line":52,"column":22}},"8":{"start":{"line":56,"column":20},"end":{"line":65,"column":3}},"9":{"start":{"line":57,"column":4},"end":{"line":64,"column":7}},"10":{"start":{"line":68,"column":18},"end":{"line":73,"column":3}},"11":{"start":{"line":69,"column":4},"end":{"line":72,"column":7}},"12":{"start":{"line":76,"column":18},"end":{"line":80,"column":3}},"13":{"start":{"line":77,"column":4},"end":{"line":79,"column":7}}},"fnMap":{"0":{"name":"(anonymous_0)","decl":{"start":{"line":10,"column":2},"end":{"line":10,"column":3}},"loc":{"start":{"line":10,"column":22},"end":{"line":12,"column":3}},"line":10},"1":{"name":"(anonymous_1)","decl":{"start":{"line":15,"column":19},"end":{"line":15,"column":20}},"loc":{"start":{"line":15,"column":39},"end":{"line":29,"column":3}},"line":15},"2":{"name":"(anonymous_2)","decl":{"start":{"line":32,"column":26},"end":{"line":32,"column":27}},"loc":{"start":{"line":32,"column":47},"end":{"line":36,"column":3}},"line":32},"3":{"name":"(anonymous_3)","decl":{"start":{"line":39,"column":18},"end":{"line":39,"column":19}},"loc":{"start":{"line":39,"column":62},"end":{"line":53,"column":3}},"line":39},"4":{"name":"(anonymous_4)","decl":{"start":{"line":56,"column":20},"end":{"line":56,"column":21}},"loc":{"start":{"line":56,"column":32},"end":{"line":65,"column":3}},"line":56},"5":{"name":"(anonymous_5)","decl":{"start":{"line":68,"column":18},"end":{"line":68,"column":19}},"loc":{"start":{"line":68,"column":48},"end":{"line":73,"column":3}},"line":68},"6":{"name":"(anonymous_6)","decl":{"start":{"line":76,"column":18},"end":{"line":76,"column":19}},"loc":{"start":{"line":76,"column":39},"end":{"line":80,"column":3}},"line":76}},"branchMap":{},"s":{"0":6,"1":6,"2":1,"3":6,"4":1,"5":6,"6":1,"7":1,"8":6,"9":1,"10":6,"11":1,"12":6,"13":1},"f":{"0":6,"1":1,"2":1,"3":1,"4":1,"5":1,"6":1},"b":{},"inputSourceMap":null,"_coverageSchema":"1a1c01bbd47fc00a2c39e90264f33305004495a9","hash":"37c941207f2539e3549583d3d2b62ac9b99512e8"}
,"C:\\Users\\USER\\Desktop\\github\\SquidDelivery\\src\\repositories\\partner\\menu.repository.js": {"path":"C:\\Users\\USER\\Desktop\\github\\SquidDelivery\\src\\repositories\\partner\\menu.repository.js","statementMap":{"0":{"start":{"line":5,"column":4},"end":{"line":5,"column":23}},"1":{"start":{"line":8,"column":15},"end":{"line":18,"column":3}},"2":{"start":{"line":9,"column":17},"end":{"line":16,"column":6}},"3":{"start":{"line":17,"column":4},"end":{"line":17,"column":16}},"4":{"start":{"line":20,"column":21},"end":{"line":27,"column":3}},"5":{"start":{"line":21,"column":29},"end":{"line":25,"column":6}},"6":{"start":{"line":26,"column":4},"end":{"line":26,"column":28}},"7":{"start":{"line":30,"column":15},"end":{"line":43,"column":3}},"8":{"start":{"line":31,"column":23},"end":{"line":41,"column":6}},"9":{"start":{"line":42,"column":4},"end":{"line":42,"column":22}},"10":{"start":{"line":45,"column":15},"end":{"line":54,"column":3}},"11":{"start":{"line":47,"column":23},"end":{"line":51,"column":6}},"12":{"start":{"line":53,"column":4},"end":{"line":53,"column":22}}},"fnMap":{"0":{"name":"(anonymous_0)","decl":{"start":{"line":4,"column":2},"end":{"line":4,"column":3}},"loc":{"start":{"line":4,"column":22},"end":{"line":6,"column":3}},"line":4},"1":{"name":"(anonymous_1)","decl":{"start":{"line":8,"column":15},"end":{"line":8,"column":16}},"loc":{"start":{"line":8,"column":68},"end":{"line":18,"column":3}},"line":8},"2":{"name":"(anonymous_2)","decl":{"start":{"line":20,"column":21},"end":{"line":20,"column":22}},"loc":{"start":{"line":20,"column":49},"end":{"line":27,"column":3}},"line":20},"3":{"name":"(anonymous_3)","decl":{"start":{"line":30,"column":15},"end":{"line":30,"column":16}},"loc":{"start":{"line":30,"column":43},"end":{"line":43,"column":3}},"line":30},"4":{"name":"(anonymous_4)","decl":{"start":{"line":45,"column":15},"end":{"line":45,"column":16}},"loc":{"start":{"line":45,"column":37},"end":{"line":54,"column":3}},"line":45}},"branchMap":{},"s":{"0":4,"1":4,"2":1,"3":1,"4":4,"5":1,"6":1,"7":4,"8":1,"9":1,"10":4,"11":1,"12":1},"f":{"0":4,"1":1,"2":1,"3":1,"4":1},"b":{},"inputSourceMap":null,"_coverageSchema":"1a1c01bbd47fc00a2c39e90264f33305004495a9","hash":"c4a78351ff3779a0878364690c06658963c9f512"}
,"C:\\Users\\USER\\Desktop\\github\\SquidDelivery\\src\\repositories\\user\\review.repository.js": {"path":"C:\\Users\\USER\\Desktop\\github\\SquidDelivery\\src\\repositories\\user\\review.repository.js","statementMap":{"0":{"start":{"line":11,"column":4},"end":{"line":11,"column":32}},"1":{"start":{"line":15,"column":18},"end":{"line":19,"column":3}},"2":{"start":{"line":16,"column":4},"end":{"line":18,"column":7}},"3":{"start":{"line":22,"column":24},"end":{"line":26,"column":3}},"4":{"start":{"line":23,"column":4},"end":{"line":25,"column":7}},"5":{"start":{"line":29,"column":17},"end":{"line":33,"column":3}},"6":{"start":{"line":30,"column":4},"end":{"line":32,"column":7}},"7":{"start":{"line":36,"column":19},"end":{"line":45,"column":3}},"8":{"start":{"line":37,"column":4},"end":{"line":44,"column":7}},"9":{"start":{"line":48,"column":19},"end":{"line":57,"column":3}},"10":{"start":{"line":49,"column":4},"end":{"line":56,"column":7}},"11":{"start":{"line":60,"column":19},"end":{"line":69,"column":3}},"12":{"start":{"line":61,"column":4},"end":{"line":68,"column":7}},"13":{"start":{"line":72,"column":29},"end":{"line":76,"column":3}},"14":{"start":{"line":73,"column":4},"end":{"line":75,"column":7}},"15":{"start":{"line":79,"column":19},"end":{"line":83,"column":3}},"16":{"start":{"line":80,"column":4},"end":{"line":82,"column":7}},"17":{"start":{"line":86,"column":17},"end":{"line":91,"column":3}},"18":{"start":{"line":87,"column":4},"end":{"line":90,"column":7}},"19":{"start":{"line":94,"column":17},"end":{"line":98,"column":3}},"20":{"start":{"line":95,"column":4},"end":{"line":97,"column":7}}},"fnMap":{"0":{"name":"(anonymous_0)","decl":{"start":{"line":10,"column":2},"end":{"line":10,"column":3}},"loc":{"start":{"line":10,"column":28},"end":{"line":12,"column":3}},"line":10},"1":{"name":"(anonymous_1)","decl":{"start":{"line":15,"column":18},"end":{"line":15,"column":19}},"loc":{"start":{"line":15,"column":37},"end":{"line":19,"column":3}},"line":15},"2":{"name":"(anonymous_2)","decl":{"start":{"line":22,"column":24},"end":{"line":22,"column":25}},"loc":{"start":{"line":22,"column":43},"end":{"line":26,"column":3}},"line":22},"3":{"name":"(anonymous_3)","decl":{"start":{"line":29,"column":17},"end":{"line":29,"column":18}},"loc":{"start":{"line":29,"column":39},"end":{"line":33,"column":3}},"line":29},"4":{"name":"(anonymous_4)","decl":{"start":{"line":36,"column":19},"end":{"line":36,"column":20}},"loc":{"start":{"line":36,"column":43},"end":{"line":45,"column":3}},"line":36},"5":{"name":"(anonymous_5)","decl":{"start":{"line":48,"column":19},"end":{"line":48,"column":20}},"loc":{"start":{"line":48,"column":55},"end":{"line":57,"column":3}},"line":48},"6":{"name":"(anonymous_6)","decl":{"start":{"line":60,"column":19},"end":{"line":60,"column":20}},"loc":{"start":{"line":60,"column":31},"end":{"line":69,"column":3}},"line":60},"7":{"name":"(anonymous_7)","decl":{"start":{"line":72,"column":29},"end":{"line":72,"column":30}},"loc":{"start":{"line":72,"column":53},"end":{"line":76,"column":3}},"line":72},"8":{"name":"(anonymous_8)","decl":{"start":{"line":79,"column":19},"end":{"line":79,"column":20}},"loc":{"start":{"line":79,"column":39},"end":{"line":83,"column":3}},"line":79},"9":{"name":"(anonymous_9)","decl":{"start":{"line":86,"column":17},"end":{"line":86,"column":18}},"loc":{"start":{"line":86,"column":49},"end":{"line":91,"column":3}},"line":86},"10":{"name":"(anonymous_10)","decl":{"start":{"line":94,"column":17},"end":{"line":94,"column":18}},"loc":{"start":{"line":94,"column":37},"end":{"line":98,"column":3}},"line":94}},"branchMap":{},"s":{"0":11,"1":11,"2":2,"3":11,"4":1,"5":11,"6":1,"7":11,"8":1,"9":11,"10":1,"11":11,"12":1,"13":11,"14":1,"15":11,"16":1,"17":11,"18":1,"19":11,"20":1},"f":{"0":11,"1":2,"2":1,"3":1,"4":1,"5":1,"6":1,"7":1,"8":1,"9":1,"10":1},"b":{},"inputSourceMap":null,"_coverageSchema":"1a1c01bbd47fc00a2c39e90264f33305004495a9","hash":"041a20e65964bcef3402c13a6a26295105e9ce4d"}
,"C:\\Users\\USER\\Desktop\\github\\SquidDelivery\\src\\services\\partner\\comment.service.js": {"path":"C:\\Users\\USER\\Desktop\\github\\SquidDelivery\\src\\services\\partner\\comment.service.js","statementMap":{"0":{"start":{"line":13,"column":4},"end":{"line":13,"column":48}},"1":{"start":{"line":17,"column":18},"end":{"line":52,"column":3}},"2":{"start":{"line":19,"column":19},"end":{"line":19,"column":73}},"3":{"start":{"line":20,"column":4},"end":{"line":24,"column":5}},"4":{"start":{"line":21,"column":20},"end":{"line":21,"column":64}},"5":{"start":{"line":22,"column":6},"end":{"line":22,"column":43}},"6":{"start":{"line":23,"column":6},"end":{"line":23,"column":18}},"7":{"start":{"line":27,"column":4},"end":{"line":31,"column":5}},"8":{"start":{"line":28,"column":20},"end":{"line":28,"column":70}},"9":{"start":{"line":29,"column":6},"end":{"line":29,"column":43}},"10":{"start":{"line":30,"column":6},"end":{"line":30,"column":18}},"11":{"start":{"line":34,"column":28},"end":{"line":34,"column":89}},"12":{"start":{"line":35,"column":4},"end":{"line":39,"column":5}},"13":{"start":{"line":36,"column":20},"end":{"line":36,"column":70}},"14":{"start":{"line":37,"column":6},"end":{"line":37,"column":42}},"15":{"start":{"line":38,"column":6},"end":{"line":38,"column":18}},"16":{"start":{"line":42,"column":23},"end":{"line":46,"column":6}},"17":{"start":{"line":48,"column":4},"end":{"line":51,"column":6}},"18":{"start":{"line":55,"column":19},"end":{"line":61,"column":3}},"19":{"start":{"line":56,"column":21},"end":{"line":56,"column":68}},"20":{"start":{"line":57,"column":4},"end":{"line":60,"column":6}},"21":{"start":{"line":64,"column":18},"end":{"line":87,"column":3}},"22":{"start":{"line":66,"column":23},"end":{"line":66,"column":85}},"23":{"start":{"line":67,"column":4},"end":{"line":71,"column":5}},"24":{"start":{"line":68,"column":20},"end":{"line":68,"column":65}},"25":{"start":{"line":69,"column":6},"end":{"line":69,"column":43}},"26":{"start":{"line":70,"column":6},"end":{"line":70,"column":18}},"27":{"start":{"line":74,"column":4},"end":{"line":78,"column":5}},"28":{"start":{"line":75,"column":20},"end":{"line":75,"column":70}},"29":{"start":{"line":76,"column":6},"end":{"line":76,"column":43}},"30":{"start":{"line":77,"column":6},"end":{"line":77,"column":18}},"31":{"start":{"line":81,"column":27},"end":{"line":81,"column":89}},"32":{"start":{"line":83,"column":4},"end":{"line":86,"column":6}},"33":{"start":{"line":90,"column":18},"end":{"line":113,"column":3}},"34":{"start":{"line":92,"column":20},"end":{"line":92,"column":82}},"35":{"start":{"line":93,"column":4},"end":{"line":93,"column":41}},"36":{"start":{"line":94,"column":4},"end":{"line":98,"column":5}},"37":{"start":{"line":95,"column":20},"end":{"line":95,"column":65}},"38":{"start":{"line":96,"column":6},"end":{"line":96,"column":43}},"39":{"start":{"line":97,"column":6},"end":{"line":97,"column":18}},"40":{"start":{"line":101,"column":4},"end":{"line":105,"column":5}},"41":{"start":{"line":102,"column":20},"end":{"line":102,"column":70}},"42":{"start":{"line":103,"column":6},"end":{"line":103,"column":43}},"43":{"start":{"line":104,"column":6},"end":{"line":104,"column":18}},"44":{"start":{"line":108,"column":4},"end":{"line":108,"column":59}},"45":{"start":{"line":110,"column":4},"end":{"line":112,"column":6}}},"fnMap":{"0":{"name":"(anonymous_0)","decl":{"start":{"line":12,"column":2},"end":{"line":12,"column":3}},"loc":{"start":{"line":12,"column":33},"end":{"line":14,"column":3}},"line":12},"1":{"name":"(anonymous_1)","decl":{"start":{"line":17,"column":18},"end":{"line":17,"column":19}},"loc":{"start":{"line":17,"column":76},"end":{"line":52,"column":3}},"line":17},"2":{"name":"(anonymous_2)","decl":{"start":{"line":55,"column":19},"end":{"line":55,"column":20}},"loc":{"start":{"line":55,"column":31},"end":{"line":61,"column":3}},"line":55},"3":{"name":"(anonymous_3)","decl":{"start":{"line":64,"column":18},"end":{"line":64,"column":19}},"loc":{"start":{"line":64,"column":63},"end":{"line":87,"column":3}},"line":64},"4":{"name":"(anonymous_4)","decl":{"start":{"line":90,"column":18},"end":{"line":90,"column":19}},"loc":{"start":{"line":90,"column":54},"end":{"line":113,"column":3}},"line":90}},"branchMap":{"0":{"loc":{"start":{"line":20,"column":4},"end":{"line":24,"column":5}},"type":"if","locations":[{"start":{"line":20,"column":4},"end":{"line":24,"column":5}},{"start":{},"end":{}}],"line":20},"1":{"loc":{"start":{"line":27,"column":4},"end":{"line":31,"column":5}},"type":"if","locations":[{"start":{"line":27,"column":4},"end":{"line":31,"column":5}},{"start":{},"end":{}}],"line":27},"2":{"loc":{"start":{"line":35,"column":4},"end":{"line":39,"column":5}},"type":"if","locations":[{"start":{"line":35,"column":4},"end":{"line":39,"column":5}},{"start":{},"end":{}}],"line":35},"3":{"loc":{"start":{"line":67,"column":4},"end":{"line":71,"column":5}},"type":"if","locations":[{"start":{"line":67,"column":4},"end":{"line":71,"column":5}},{"start":{},"end":{}}],"line":67},"4":{"loc":{"start":{"line":74,"column":4},"end":{"line":78,"column":5}},"type":"if","locations":[{"start":{"line":74,"column":4},"end":{"line":78,"column":5}},{"start":{},"end":{}}],"line":74},"5":{"loc":{"start":{"line":94,"column":4},"end":{"line":98,"column":5}},"type":"if","locations":[{"start":{"line":94,"column":4},"end":{"line":98,"column":5}},{"start":{},"end":{}}],"line":94},"6":{"loc":{"start":{"line":101,"column":4},"end":{"line":105,"column":5}},"type":"if","locations":[{"start":{"line":101,"column":4},"end":{"line":105,"column":5}},{"start":{},"end":{}}],"line":101}},"s":{"0":11,"1":11,"2":4,"3":4,"4":1,"5":1,"6":1,"7":3,"8":1,"9":1,"10":1,"11":2,"12":2,"13":1,"14":1,"15":1,"16":1,"17":1,"18":11,"19":1,"20":1,"21":11,"22":3,"23":3,"24":1,"25":1,"26":1,"27":2,"28":1,"29":1,"30":1,"31":1,"32":1,"33":11,"34":3,"35":3,"36":3,"37":1,"38":1,"39":1,"40":2,"41":1,"42":1,"43":1,"44":1,"45":1},"f":{"0":11,"1":4,"2":1,"3":3,"4":3},"b":{"0":[1,3],"1":[1,2],"2":[1,1],"3":[1,2],"4":[1,1],"5":[1,2],"6":[1,1]},"inputSourceMap":null,"_coverageSchema":"1a1c01bbd47fc00a2c39e90264f33305004495a9","hash":"fb9dd15ffc6edf589a7dc5fda883ce73767ea8fb"}
,"C:\\Users\\USER\\Desktop\\github\\SquidDelivery\\src\\services\\partner\\menu.service.js": {"path":"C:\\Users\\USER\\Desktop\\github\\SquidDelivery\\src\\services\\partner\\menu.service.js","statementMap":{"0":{"start":{"line":6,"column":4},"end":{"line":6,"column":38}},"1":{"start":{"line":8,"column":15},"end":{"line":19,"column":3}},"2":{"start":{"line":9,"column":4},"end":{"line":11,"column":5}},"3":{"start":{"line":10,"column":6},"end":{"line":10,"column":52}},"4":{"start":{"line":12,"column":17},"end":{"line":17,"column":6}},"5":{"start":{"line":18,"column":4},"end":{"line":18,"column":16}},"6":{"start":{"line":21,"column":21},"end":{"line":26,"column":3}},"7":{"start":{"line":22,"column":18},"end":{"line":24,"column":6}},"8":{"start":{"line":25,"column":4},"end":{"line":25,"column":17}},"9":{"start":{"line":27,"column":15},"end":{"line":33,"column":3}},"10":{"start":{"line":28,"column":17},"end":{"line":31,"column":6}},"11":{"start":{"line":32,"column":4},"end":{"line":32,"column":16}},"12":{"start":{"line":35,"column":15},"end":{"line":40,"column":3}},"13":{"start":{"line":36,"column":17},"end":{"line":38,"column":6}},"14":{"start":{"line":39,"column":4},"end":{"line":39,"column":16}}},"fnMap":{"0":{"name":"(anonymous_0)","decl":{"start":{"line":5,"column":2},"end":{"line":5,"column":3}},"loc":{"start":{"line":5,"column":30},"end":{"line":7,"column":3}},"line":5},"1":{"name":"(anonymous_1)","decl":{"start":{"line":8,"column":15},"end":{"line":8,"column":16}},"loc":{"start":{"line":8,"column":68},"end":{"line":19,"column":3}},"line":8},"2":{"name":"(anonymous_2)","decl":{"start":{"line":21,"column":21},"end":{"line":21,"column":22}},"loc":{"start":{"line":21,"column":49},"end":{"line":26,"column":3}},"line":21},"3":{"name":"(anonymous_3)","decl":{"start":{"line":27,"column":15},"end":{"line":27,"column":16}},"loc":{"start":{"line":27,"column":43},"end":{"line":33,"column":3}},"line":27},"4":{"name":"(anonymous_4)","decl":{"start":{"line":35,"column":15},"end":{"line":35,"column":16}},"loc":{"start":{"line":35,"column":37},"end":{"line":40,"column":3}},"line":35}},"branchMap":{"0":{"loc":{"start":{"line":9,"column":4},"end":{"line":11,"column":5}},"type":"if","locations":[{"start":{"line":9,"column":4},"end":{"line":11,"column":5}},{"start":{},"end":{}}],"line":9},"1":{"loc":{"start":{"line":9,"column":8},"end":{"line":9,"column":66}},"type":"binary-expr","locations":[{"start":{"line":9,"column":8},"end":{"line":9,"column":13}},{"start":{"line":9,"column":17},"end":{"line":9,"column":36}},{"start":{"line":9,"column":40},"end":{"line":9,"column":66}}],"line":9}},"s":{"0":5,"1":5,"2":2,"3":1,"4":1,"5":1,"6":5,"7":1,"8":1,"9":5,"10":1,"11":1,"12":5,"13":1,"14":1},"f":{"0":5,"1":2,"2":1,"3":1,"4":1},"b":{"0":[1,1],"1":[2,1,1]},"inputSourceMap":null,"_coverageSchema":"1a1c01bbd47fc00a2c39e90264f33305004495a9","hash":"e448a1db495485d3ea67d676369e24d58843e1dc"}
,"C:\\Users\\USER\\Desktop\\github\\SquidDelivery\\src\\services\\partner\\orders.service.js": {"path":"C:\\Users\\USER\\Desktop\\github\\SquidDelivery\\src\\services\\partner\\orders.service.js","statementMap":{"0":{"start":{"line":6,"column":4},"end":{"line":6,"column":34}},"1":{"start":{"line":9,"column":14},"end":{"line":34,"column":3}},"2":{"start":{"line":10,"column":4},"end":{"line":33,"column":5}},"3":{"start":{"line":11,"column":29},"end":{"line":11,"column":80}},"4":{"start":{"line":13,"column":6},"end":{"line":18,"column":7}},"5":{"start":{"line":14,"column":8},"end":{"line":17,"column":10}},"6":{"start":{"line":20,"column":21},"end":{"line":20,"column":73}},"7":{"start":{"line":22,"column":6},"end":{"line":26,"column":8}},"8":{"start":{"line":28,"column":6},"end":{"line":28,"column":25}},"9":{"start":{"line":29,"column":6},"end":{"line":32,"column":8}},"10":{"start":{"line":36,"column":19},"end":{"line":59,"column":3}},"11":{"start":{"line":37,"column":23},"end":{"line":37,"column":74}},"12":{"start":{"line":39,"column":4},"end":{"line":44,"column":5}},"13":{"start":{"line":40,"column":6},"end":{"line":43,"column":8}},"14":{"start":{"line":46,"column":18},"end":{"line":46,"column":76}},"15":{"start":{"line":47,"column":4},"end":{"line":52,"column":5}},"16":{"start":{"line":48,"column":6},"end":{"line":51,"column":8}},"17":{"start":{"line":54,"column":4},"end":{"line":58,"column":6}},"18":{"start":{"line":61,"column":16},"end":{"line":85,"column":3}},"19":{"start":{"line":62,"column":23},"end":{"line":62,"column":74}},"20":{"start":{"line":64,"column":4},"end":{"line":69,"column":5}},"21":{"start":{"line":65,"column":6},"end":{"line":68,"column":8}},"22":{"start":{"line":71,"column":18},"end":{"line":71,"column":76}},"23":{"start":{"line":72,"column":4},"end":{"line":77,"column":5}},"24":{"start":{"line":73,"column":6},"end":{"line":76,"column":8}},"25":{"start":{"line":78,"column":25},"end":{"line":78,"column":80}},"26":{"start":{"line":80,"column":4},"end":{"line":84,"column":6}},"27":{"start":{"line":87,"column":16},"end":{"line":127,"column":3}},"28":{"start":{"line":88,"column":4},"end":{"line":88,"column":43}},"29":{"start":{"line":89,"column":23},"end":{"line":89,"column":74}},"30":{"start":{"line":90,"column":4},"end":{"line":90,"column":41}},"31":{"start":{"line":91,"column":4},"end":{"line":96,"column":5}},"32":{"start":{"line":92,"column":6},"end":{"line":95,"column":8}},"33":{"start":{"line":97,"column":17},"end":{"line":97,"column":75}},"34":{"start":{"line":98,"column":4},"end":{"line":98,"column":35}},"35":{"start":{"line":99,"column":4},"end":{"line":104,"column":5}},"36":{"start":{"line":100,"column":6},"end":{"line":103,"column":8}},"37":{"start":{"line":105,"column":17},"end":{"line":105,"column":54}},"38":{"start":{"line":106,"column":21},"end":{"line":106,"column":85}},"39":{"start":{"line":106,"column":61},"end":{"line":106,"column":81}},"40":{"start":{"line":107,"column":18},"end":{"line":113,"column":5}},"41":{"start":{"line":115,"column":4},"end":{"line":120,"column":5}},"42":{"start":{"line":116,"column":6},"end":{"line":119,"column":8}},"43":{"start":{"line":122,"column":4},"end":{"line":126,"column":6}}},"fnMap":{"0":{"name":"(anonymous_0)","decl":{"start":{"line":5,"column":2},"end":{"line":5,"column":3}},"loc":{"start":{"line":5,"column":26},"end":{"line":7,"column":3}},"line":5},"1":{"name":"(anonymous_1)","decl":{"start":{"line":9,"column":14},"end":{"line":9,"column":15}},"loc":{"start":{"line":9,"column":33},"end":{"line":34,"column":3}},"line":9},"2":{"name":"(anonymous_2)","decl":{"start":{"line":36,"column":19},"end":{"line":36,"column":20}},"loc":{"start":{"line":36,"column":47},"end":{"line":59,"column":3}},"line":36},"3":{"name":"(anonymous_3)","decl":{"start":{"line":61,"column":16},"end":{"line":61,"column":17}},"loc":{"start":{"line":61,"column":44},"end":{"line":85,"column":3}},"line":61},"4":{"name":"(anonymous_4)","decl":{"start":{"line":87,"column":16},"end":{"line":87,"column":17}},"loc":{"start":{"line":87,"column":44},"end":{"line":127,"column":3}},"line":87},"5":{"name":"(anonymous_5)","decl":{"start":{"line":106,"column":42},"end":{"line":106,"column":43}},"loc":{"start":{"line":106,"column":61},"end":{"line":106,"column":81}},"line":106}},"branchMap":{"0":{"loc":{"start":{"line":13,"column":6},"end":{"line":18,"column":7}},"type":"if","locations":[{"start":{"line":13,"column":6},"end":{"line":18,"column":7}},{"start":{},"end":{}}],"line":13},"1":{"loc":{"start":{"line":39,"column":4},"end":{"line":44,"column":5}},"type":"if","locations":[{"start":{"line":39,"column":4},"end":{"line":44,"column":5}},{"start":{},"end":{}}],"line":39},"2":{"loc":{"start":{"line":47,"column":4},"end":{"line":52,"column":5}},"type":"if","locations":[{"start":{"line":47,"column":4},"end":{"line":52,"column":5}},{"start":{},"end":{}}],"line":47},"3":{"loc":{"start":{"line":64,"column":4},"end":{"line":69,"column":5}},"type":"if","locations":[{"start":{"line":64,"column":4},"end":{"line":69,"column":5}},{"start":{},"end":{}}],"line":64},"4":{"loc":{"start":{"line":72,"column":4},"end":{"line":77,"column":5}},"type":"if","locations":[{"start":{"line":72,"column":4},"end":{"line":77,"column":5}},{"start":{},"end":{}}],"line":72},"5":{"loc":{"start":{"line":91,"column":4},"end":{"line":96,"column":5}},"type":"if","locations":[{"start":{"line":91,"column":4},"end":{"line":96,"column":5}},{"start":{},"end":{}}],"line":91},"6":{"loc":{"start":{"line":99,"column":4},"end":{"line":104,"column":5}},"type":"if","locations":[{"start":{"line":99,"column":4},"end":{"line":104,"column":5}},{"start":{},"end":{}}],"line":99},"7":{"loc":{"start":{"line":115,"column":4},"end":{"line":120,"column":5}},"type":"if","locations":[{"start":{"line":115,"column":4},"end":{"line":120,"column":5}},{"start":{},"end":{}}],"line":115}},"s":{"0":11,"1":11,"2":3,"3":3,"4":2,"5":1,"6":1,"7":1,"8":1,"9":1,"10":11,"11":3,"12":3,"13":1,"14":2,"15":2,"16":1,"17":1,"18":11,"19":2,"20":2,"21":1,"22":1,"23":1,"24":0,"25":1,"26":1,"27":11,"28":3,"29":3,"30":3,"31":3,"32":1,"33":2,"34":2,"35":2,"36":0,"37":2,"38":2,"39":2,"40":2,"41":2,"42":1,"43":1},"f":{"0":11,"1":3,"2":3,"3":2,"4":3,"5":2},"b":{"0":[1,1],"1":[1,2],"2":[1,1],"3":[1,1],"4":[0,1],"5":[1,2],"6":[0,2],"7":[1,1]},"inputSourceMap":null,"_coverageSchema":"1a1c01bbd47fc00a2c39e90264f33305004495a9","hash":"ecfef2e0f92a8ab78606875adbce5eb3731018dd"}
,"C:\\Users\\USER\\Desktop\\github\\SquidDelivery\\src\\services\\partner\\partner.restaurants.service.js": {"path":"C:\\Users\\USER\\Desktop\\github\\SquidDelivery\\src\\services\\partner\\partner.restaurants.service.js","statementMap":{"0":{"start":{"line":7,"column":4},"end":{"line":7,"column":34}},"1":{"start":{"line":11,"column":4},"end":{"line":13,"column":5}},"2":{"start":{"line":12,"column":6},"end":{"line":12,"column":67}},"3":{"start":{"line":14,"column":4},"end":{"line":14,"column":54}},"4":{"start":{"line":18,"column":23},"end":{"line":18,"column":68}},"5":{"start":{"line":19,"column":4},"end":{"line":21,"column":5}},"6":{"start":{"line":20,"column":6},"end":{"line":20,"column":61}},"7":{"start":{"line":22,"column":4},"end":{"line":22,"column":55}},"8":{"start":{"line":26,"column":23},"end":{"line":26,"column":68}},"9":{"start":{"line":27,"column":4},"end":{"line":29,"column":5}},"10":{"start":{"line":28,"column":6},"end":{"line":28,"column":40}},"11":{"start":{"line":30,"column":4},"end":{"line":30,"column":49}},"12":{"start":{"line":34,"column":4},"end":{"line":34,"column":66}},"13":{"start":{"line":38,"column":23},"end":{"line":38,"column":78}},"14":{"start":{"line":40,"column":4},"end":{"line":42,"column":5}},"15":{"start":{"line":41,"column":6},"end":{"line":41,"column":61}},"16":{"start":{"line":44,"column":4},"end":{"line":46,"column":5}},"17":{"start":{"line":45,"column":6},"end":{"line":45,"column":65}}},"fnMap":{"0":{"name":"(anonymous_0)","decl":{"start":{"line":6,"column":2},"end":{"line":6,"column":3}},"loc":{"start":{"line":6,"column":26},"end":{"line":8,"column":3}},"line":6},"1":{"name":"(anonymous_1)","decl":{"start":{"line":10,"column":2},"end":{"line":10,"column":3}},"loc":{"start":{"line":10,"column":34},"end":{"line":15,"column":3}},"line":10},"2":{"name":"(anonymous_2)","decl":{"start":{"line":17,"column":2},"end":{"line":17,"column":3}},"loc":{"start":{"line":17,"column":35},"end":{"line":23,"column":3}},"line":17},"3":{"name":"(anonymous_3)","decl":{"start":{"line":25,"column":2},"end":{"line":25,"column":3}},"loc":{"start":{"line":25,"column":29},"end":{"line":31,"column":3}},"line":25},"4":{"name":"(anonymous_4)","decl":{"start":{"line":33,"column":2},"end":{"line":33,"column":3}},"loc":{"start":{"line":33,"column":43},"end":{"line":35,"column":3}},"line":33},"5":{"name":"(anonymous_5)","decl":{"start":{"line":37,"column":2},"end":{"line":37,"column":3}},"loc":{"start":{"line":37,"column":59},"end":{"line":47,"column":3}},"line":37}},"branchMap":{"0":{"loc":{"start":{"line":11,"column":4},"end":{"line":13,"column":5}},"type":"if","locations":[{"start":{"line":11,"column":4},"end":{"line":13,"column":5}},{"start":{},"end":{}}],"line":11},"1":{"loc":{"start":{"line":19,"column":4},"end":{"line":21,"column":5}},"type":"if","locations":[{"start":{"line":19,"column":4},"end":{"line":21,"column":5}},{"start":{},"end":{}}],"line":19},"2":{"loc":{"start":{"line":27,"column":4},"end":{"line":29,"column":5}},"type":"if","locations":[{"start":{"line":27,"column":4},"end":{"line":29,"column":5}},{"start":{},"end":{}}],"line":27},"3":{"loc":{"start":{"line":40,"column":4},"end":{"line":42,"column":5}},"type":"if","locations":[{"start":{"line":40,"column":4},"end":{"line":42,"column":5}},{"start":{},"end":{}}],"line":40},"4":{"loc":{"start":{"line":44,"column":4},"end":{"line":46,"column":5}},"type":"if","locations":[{"start":{"line":44,"column":4},"end":{"line":46,"column":5}},{"start":{},"end":{}}],"line":44}},"s":{"0":10,"1":2,"2":1,"3":1,"4":2,"5":2,"6":1,"7":1,"8":2,"9":2,"10":1,"11":1,"12":1,"13":3,"14":3,"15":1,"16":2,"17":1},"f":{"0":10,"1":2,"2":2,"3":2,"4":1,"5":3},"b":{"0":[1,1],"1":[1,1],"2":[1,1],"3":[1,2],"4":[1,1]},"inputSourceMap":null,"_coverageSchema":"1a1c01bbd47fc00a2c39e90264f33305004495a9","hash":"24613b3f2d1eb4be554e77533850a2bd0e312855"}
,"C:\\Users\\USER\\Desktop\\github\\SquidDelivery\\src\\services\\user\\cart.service.js": {"path":"C:\\Users\\USER\\Desktop\\github\\SquidDelivery\\src\\services\\user\\cart.service.js","statementMap":{"0":{"start":{"line":6,"column":4},"end":{"line":6,"column":34}},"1":{"start":{"line":10,"column":15},"end":{"line":12,"column":3}},"2":{"start":{"line":11,"column":4},"end":{"line":11,"column":55}},"3":{"start":{"line":15,"column":14},"end":{"line":17,"column":3}},"4":{"start":{"line":16,"column":4},"end":{"line":16,"column":52}},"5":{"start":{"line":20,"column":15},"end":{"line":22,"column":3}},"6":{"start":{"line":21,"column":4},"end":{"line":21,"column":53}},"7":{"start":{"line":25,"column":15},"end":{"line":27,"column":3}},"8":{"start":{"line":26,"column":4},"end":{"line":26,"column":53}},"9":{"start":{"line":30,"column":12},"end":{"line":35,"column":3}},"10":{"start":{"line":31,"column":27},"end":{"line":31,"column":66}},"11":{"start":{"line":32,"column":4},"end":{"line":32,"column":57}},"12":{"start":{"line":34,"column":4},"end":{"line":34,"column":72}},"13":{"start":{"line":36,"column":18},"end":{"line":38,"column":3}},"14":{"start":{"line":37,"column":4},"end":{"line":37,"column":62}},"15":{"start":{"line":41,"column":15},"end":{"line":43,"column":3}},"16":{"start":{"line":42,"column":4},"end":{"line":42,"column":53}}},"fnMap":{"0":{"name":"(anonymous_0)","decl":{"start":{"line":5,"column":2},"end":{"line":5,"column":3}},"loc":{"start":{"line":5,"column":26},"end":{"line":7,"column":3}},"line":5},"1":{"name":"(anonymous_1)","decl":{"start":{"line":10,"column":15},"end":{"line":10,"column":16}},"loc":{"start":{"line":10,"column":35},"end":{"line":12,"column":3}},"line":10},"2":{"name":"(anonymous_2)","decl":{"start":{"line":15,"column":14},"end":{"line":15,"column":15}},"loc":{"start":{"line":15,"column":32},"end":{"line":17,"column":3}},"line":15},"3":{"name":"(anonymous_3)","decl":{"start":{"line":20,"column":15},"end":{"line":20,"column":16}},"loc":{"start":{"line":20,"column":33},"end":{"line":22,"column":3}},"line":20},"4":{"name":"(anonymous_4)","decl":{"start":{"line":25,"column":15},"end":{"line":25,"column":16}},"loc":{"start":{"line":25,"column":33},"end":{"line":27,"column":3}},"line":25},"5":{"name":"(anonymous_5)","decl":{"start":{"line":30,"column":12},"end":{"line":30,"column":13}},"loc":{"start":{"line":30,"column":42},"end":{"line":35,"column":3}},"line":30},"6":{"name":"(anonymous_6)","decl":{"start":{"line":36,"column":18},"end":{"line":36,"column":19}},"loc":{"start":{"line":36,"column":42},"end":{"line":38,"column":3}},"line":36},"7":{"name":"(anonymous_7)","decl":{"start":{"line":41,"column":15},"end":{"line":41,"column":16}},"loc":{"start":{"line":41,"column":33},"end":{"line":43,"column":3}},"line":41}},"branchMap":{},"s":{"0":5,"1":5,"2":1,"3":5,"4":2,"5":5,"6":1,"7":5,"8":1,"9":5,"10":1,"11":1,"12":1,"13":5,"14":0,"15":5,"16":1},"f":{"0":5,"1":1,"2":2,"3":1,"4":1,"5":1,"6":0,"7":1},"b":{},"inputSourceMap":null,"_coverageSchema":"1a1c01bbd47fc00a2c39e90264f33305004495a9","hash":"dfd2aeb1c5f7e9c6563d50edbf21dbefc536d126"}
,"C:\\Users\\USER\\Desktop\\github\\SquidDelivery\\src\\services\\user\\orders.service.js": {"path":"C:\\Users\\USER\\Desktop\\github\\SquidDelivery\\src\\services\\user\\orders.service.js","statementMap":{"0":{"start":{"line":6,"column":4},"end":{"line":6,"column":34}},"1":{"start":{"line":9,"column":16},"end":{"line":59,"column":3}},"2":{"start":{"line":10,"column":17},"end":{"line":10,"column":56}},"3":{"start":{"line":11,"column":4},"end":{"line":16,"column":5}},"4":{"start":{"line":12,"column":6},"end":{"line":15,"column":8}},"5":{"start":{"line":18,"column":21},"end":{"line":18,"column":85}},"6":{"start":{"line":18,"column":61},"end":{"line":18,"column":81}},"7":{"start":{"line":20,"column":22},"end":{"line":20,"column":60}},"8":{"start":{"line":20,"column":50},"end":{"line":20,"column":59}},"9":{"start":{"line":22,"column":21},"end":{"line":22,"column":41}},"10":{"start":{"line":25,"column":4},"end":{"line":30,"column":5}},"11":{"start":{"line":26,"column":6},"end":{"line":29,"column":8}},"12":{"start":{"line":33,"column":17},"end":{"line":33,"column":56}},"13":{"start":{"line":34,"column":4},"end":{"line":39,"column":5}},"14":{"start":{"line":35,"column":6},"end":{"line":38,"column":8}},"15":{"start":{"line":42,"column":24},"end":{"line":42,"column":66}},"16":{"start":{"line":43,"column":22},"end":{"line":43,"column":36}},"17":{"start":{"line":45,"column":18},"end":{"line":52,"column":5}},"18":{"start":{"line":54,"column":4},"end":{"line":58,"column":6}},"19":{"start":{"line":61,"column":16},"end":{"line":103,"column":3}},"20":{"start":{"line":62,"column":24},"end":{"line":62,"column":72}},"21":{"start":{"line":64,"column":4},"end":{"line":69,"column":5}},"22":{"start":{"line":65,"column":6},"end":{"line":68,"column":8}},"23":{"start":{"line":71,"column":4},"end":{"line":76,"column":5}},"24":{"start":{"line":72,"column":6},"end":{"line":75,"column":8}},"25":{"start":{"line":79,"column":17},"end":{"line":79,"column":56}},"26":{"start":{"line":80,"column":21},"end":{"line":80,"column":85}},"27":{"start":{"line":80,"column":61},"end":{"line":80,"column":81}},"28":{"start":{"line":81,"column":24},"end":{"line":81,"column":66}},"29":{"start":{"line":82,"column":22},"end":{"line":82,"column":36}},"30":{"start":{"line":84,"column":18},"end":{"line":89,"column":5}},"31":{"start":{"line":91,"column":4},"end":{"line":96,"column":5}},"32":{"start":{"line":92,"column":6},"end":{"line":95,"column":8}},"33":{"start":{"line":98,"column":4},"end":{"line":102,"column":6}}},"fnMap":{"0":{"name":"(anonymous_0)","decl":{"start":{"line":5,"column":2},"end":{"line":5,"column":3}},"loc":{"start":{"line":5,"column":26},"end":{"line":7,"column":3}},"line":5},"1":{"name":"(anonymous_1)","decl":{"start":{"line":9,"column":16},"end":{"line":9,"column":17}},"loc":{"start":{"line":9,"column":42},"end":{"line":59,"column":3}},"line":9},"2":{"name":"(anonymous_2)","decl":{"start":{"line":18,"column":42},"end":{"line":18,"column":43}},"loc":{"start":{"line":18,"column":61},"end":{"line":18,"column":81}},"line":18},"3":{"name":"(anonymous_3)","decl":{"start":{"line":20,"column":40},"end":{"line":20,"column":41}},"loc":{"start":{"line":20,"column":50},"end":{"line":20,"column":59}},"line":20},"4":{"name":"(anonymous_4)","decl":{"start":{"line":61,"column":16},"end":{"line":61,"column":17}},"loc":{"start":{"line":61,"column":43},"end":{"line":103,"column":3}},"line":61},"5":{"name":"(anonymous_5)","decl":{"start":{"line":80,"column":42},"end":{"line":80,"column":43}},"loc":{"start":{"line":80,"column":61},"end":{"line":80,"column":81}},"line":80}},"branchMap":{"0":{"loc":{"start":{"line":11,"column":4},"end":{"line":16,"column":5}},"type":"if","locations":[{"start":{"line":11,"column":4},"end":{"line":16,"column":5}},{"start":{},"end":{}}],"line":11},"1":{"loc":{"start":{"line":25,"column":4},"end":{"line":30,"column":5}},"type":"if","locations":[{"start":{"line":25,"column":4},"end":{"line":30,"column":5}},{"start":{},"end":{}}],"line":25},"2":{"loc":{"start":{"line":34,"column":4},"end":{"line":39,"column":5}},"type":"if","locations":[{"start":{"line":34,"column":4},"end":{"line":39,"column":5}},{"start":{},"end":{}}],"line":34},"3":{"loc":{"start":{"line":34,"column":8},"end":{"line":34,"column":37}},"type":"binary-expr","locations":[{"start":{"line":34,"column":8},"end":{"line":34,"column":13}},{"start":{"line":34,"column":17},"end":{"line":34,"column":37}}],"line":34},"4":{"loc":{"start":{"line":64,"column":4},"end":{"line":69,"column":5}},"type":"if","locations":[{"start":{"line":64,"column":4},"end":{"line":69,"column":5}},{"start":{},"end":{}}],"line":64},"5":{"loc":{"start":{"line":71,"column":4},"end":{"line":76,"column":5}},"type":"if","locations":[{"start":{"line":71,"column":4},"end":{"line":76,"column":5}},{"start":{},"end":{}}],"line":71},"6":{"loc":{"start":{"line":91,"column":4},"end":{"line":96,"column":5}},"type":"if","locations":[{"start":{"line":91,"column":4},"end":{"line":96,"column":5}},{"start":{},"end":{}}],"line":91}},"s":{"0":6,"1":6,"2":3,"3":3,"4":1,"5":2,"6":4,"7":2,"8":4,"9":2,"10":2,"11":0,"12":2,"13":2,"14":1,"15":1,"16":1,"17":1,"18":1,"19":6,"20":3,"21":3,"22":1,"23":2,"24":1,"25":1,"26":1,"27":2,"28":1,"29":1,"30":1,"31":1,"32":0,"33":1},"f":{"0":6,"1":3,"2":4,"3":4,"4":3,"5":2},"b":{"0":[1,2],"1":[0,2],"2":[1,1],"3":[2,2],"4":[1,2],"5":[1,1],"6":[0,1]},"inputSourceMap":null,"_coverageSchema":"1a1c01bbd47fc00a2c39e90264f33305004495a9","hash":"6c4d97e421025a45e06d721b73d1e809e5c5193f"}
,"C:\\Users\\USER\\Desktop\\github\\SquidDelivery\\src\\services\\user\\review.service.js": {"path":"C:\\Users\\USER\\Desktop\\github\\SquidDelivery\\src\\services\\user\\review.service.js","statementMap":{"0":{"start":{"line":13,"column":4},"end":{"line":13,"column":46}},"1":{"start":{"line":17,"column":17},"end":{"line":61,"column":3}},"2":{"start":{"line":19,"column":18},"end":{"line":19,"column":69}},"3":{"start":{"line":20,"column":4},"end":{"line":24,"column":5}},"4":{"start":{"line":21,"column":20},"end":{"line":21,"column":64}},"5":{"start":{"line":22,"column":6},"end":{"line":22,"column":43}},"6":{"start":{"line":23,"column":6},"end":{"line":23,"column":18}},"7":{"start":{"line":26,"column":25},"end":{"line":26,"column":43}},"8":{"start":{"line":29,"column":27},"end":{"line":29,"column":84}},"9":{"start":{"line":30,"column":4},"end":{"line":34,"column":5}},"10":{"start":{"line":31,"column":20},"end":{"line":31,"column":69}},"11":{"start":{"line":32,"column":6},"end":{"line":32,"column":42}},"12":{"start":{"line":33,"column":6},"end":{"line":33,"column":18}},"13":{"start":{"line":37,"column":4},"end":{"line":41,"column":5}},"14":{"start":{"line":38,"column":20},"end":{"line":38,"column":74}},"15":{"start":{"line":39,"column":6},"end":{"line":39,"column":45}},"16":{"start":{"line":40,"column":6},"end":{"line":40,"column":18}},"17":{"start":{"line":44,"column":19},"end":{"line":51,"column":6}},"18":{"start":{"line":54,"column":26},"end":{"line":54,"column":83}},"19":{"start":{"line":55,"column":4},"end":{"line":55,"column":93}},"20":{"start":{"line":57,"column":4},"end":{"line":60,"column":6}},"21":{"start":{"line":64,"column":18},"end":{"line":70,"column":3}},"22":{"start":{"line":65,"column":20},"end":{"line":65,"column":65}},"23":{"start":{"line":66,"column":4},"end":{"line":69,"column":6}},"24":{"start":{"line":73,"column":17},"end":{"line":99,"column":3}},"25":{"start":{"line":75,"column":19},"end":{"line":75,"column":72}},"26":{"start":{"line":76,"column":4},"end":{"line":80,"column":5}},"27":{"start":{"line":77,"column":20},"end":{"line":77,"column":64}},"28":{"start":{"line":78,"column":6},"end":{"line":78,"column":43}},"29":{"start":{"line":79,"column":6},"end":{"line":79,"column":18}},"30":{"start":{"line":83,"column":4},"end":{"line":87,"column":5}},"31":{"start":{"line":84,"column":20},"end":{"line":84,"column":69}},"32":{"start":{"line":85,"column":6},"end":{"line":85,"column":43}},"33":{"start":{"line":86,"column":6},"end":{"line":86,"column":18}},"34":{"start":{"line":89,"column":26},"end":{"line":93,"column":6}},"35":{"start":{"line":95,"column":4},"end":{"line":98,"column":6}},"36":{"start":{"line":102,"column":17},"end":{"line":123,"column":3}},"37":{"start":{"line":104,"column":19},"end":{"line":104,"column":72}},"38":{"start":{"line":105,"column":4},"end":{"line":109,"column":5}},"39":{"start":{"line":106,"column":20},"end":{"line":106,"column":64}},"40":{"start":{"line":107,"column":6},"end":{"line":107,"column":43}},"41":{"start":{"line":108,"column":6},"end":{"line":108,"column":18}},"42":{"start":{"line":112,"column":4},"end":{"line":116,"column":5}},"43":{"start":{"line":113,"column":20},"end":{"line":113,"column":69}},"44":{"start":{"line":114,"column":6},"end":{"line":114,"column":43}},"45":{"start":{"line":115,"column":6},"end":{"line":115,"column":18}},"46":{"start":{"line":118,"column":4},"end":{"line":118,"column":56}},"47":{"start":{"line":120,"column":4},"end":{"line":122,"column":6}}},"fnMap":{"0":{"name":"(anonymous_0)","decl":{"start":{"line":12,"column":2},"end":{"line":12,"column":3}},"loc":{"start":{"line":12,"column":32},"end":{"line":14,"column":3}},"line":12},"1":{"name":"(anonymous_1)","decl":{"start":{"line":17,"column":17},"end":{"line":17,"column":18}},"loc":{"start":{"line":17,"column":76},"end":{"line":61,"column":3}},"line":17},"2":{"name":"(anonymous_2)","decl":{"start":{"line":64,"column":18},"end":{"line":64,"column":19}},"loc":{"start":{"line":64,"column":30},"end":{"line":70,"column":3}},"line":64},"3":{"name":"(anonymous_3)","decl":{"start":{"line":73,"column":17},"end":{"line":73,"column":18}},"loc":{"start":{"line":73,"column":77},"end":{"line":99,"column":3}},"line":73},"4":{"name":"(anonymous_4)","decl":{"start":{"line":102,"column":17},"end":{"line":102,"column":18}},"loc":{"start":{"line":102,"column":49},"end":{"line":123,"column":3}},"line":102}},"branchMap":{"0":{"loc":{"start":{"line":20,"column":4},"end":{"line":24,"column":5}},"type":"if","locations":[{"start":{"line":20,"column":4},"end":{"line":24,"column":5}},{"start":{},"end":{}}],"line":20},"1":{"loc":{"start":{"line":30,"column":4},"end":{"line":34,"column":5}},"type":"if","locations":[{"start":{"line":30,"column":4},"end":{"line":34,"column":5}},{"start":{},"end":{}}],"line":30},"2":{"loc":{"start":{"line":37,"column":4},"end":{"line":41,"column":5}},"type":"if","locations":[{"start":{"line":37,"column":4},"end":{"line":41,"column":5}},{"start":{},"end":{}}],"line":37},"3":{"loc":{"start":{"line":37,"column":8},"end":{"line":37,"column":40}},"type":"binary-expr","locations":[{"start":{"line":37,"column":8},"end":{"line":37,"column":22}},{"start":{"line":37,"column":26},"end":{"line":37,"column":40}}],"line":37},"4":{"loc":{"start":{"line":76,"column":4},"end":{"line":80,"column":5}},"type":"if","locations":[{"start":{"line":76,"column":4},"end":{"line":80,"column":5}},{"start":{},"end":{}}],"line":76},"5":{"loc":{"start":{"line":83,"column":4},"end":{"line":87,"column":5}},"type":"if","locations":[{"start":{"line":83,"column":4},"end":{"line":87,"column":5}},{"start":{},"end":{}}],"line":83},"6":{"loc":{"start":{"line":105,"column":4},"end":{"line":109,"column":5}},"type":"if","locations":[{"start":{"line":105,"column":4},"end":{"line":109,"column":5}},{"start":{},"end":{}}],"line":105},"7":{"loc":{"start":{"line":112,"column":4},"end":{"line":116,"column":5}},"type":"if","locations":[{"start":{"line":112,"column":4},"end":{"line":116,"column":5}},{"start":{},"end":{}}],"line":112}},"s":{"0":11,"1":11,"2":4,"3":4,"4":1,"5":1,"6":1,"7":3,"8":3,"9":3,"10":1,"11":1,"12":1,"13":2,"14":1,"15":1,"16":1,"17":1,"18":1,"19":1,"20":1,"21":11,"22":1,"23":1,"24":11,"25":3,"26":3,"27":1,"28":1,"29":1,"30":2,"31":1,"32":1,"33":1,"34":1,"35":1,"36":11,"37":3,"38":3,"39":1,"40":1,"41":1,"42":2,"43":1,"44":1,"45":1,"46":1,"47":1},"f":{"0":11,"1":4,"2":1,"3":3,"4":3},"b":{"0":[1,3],"1":[1,2],"2":[1,1],"3":[2,2],"4":[1,2],"5":[1,1],"6":[1,2],"7":[1,1]},"inputSourceMap":null,"_coverageSchema":"1a1c01bbd47fc00a2c39e90264f33305004495a9","hash":"871210cf73f8050045b919fc2f77db48aab243e0"}
,"C:\\Users\\USER\\Desktop\\github\\SquidDelivery\\src\\services\\user\\user.restaurants.service.js": {"path":"C:\\Users\\USER\\Desktop\\github\\SquidDelivery\\src\\services\\user\\user.restaurants.service.js","statementMap":{"0":{"start":{"line":6,"column":4},"end":{"line":6,"column":34}},"1":{"start":{"line":10,"column":24},"end":{"line":10,"column":66}},"2":{"start":{"line":11,"column":4},"end":{"line":13,"column":5}},"3":{"start":{"line":12,"column":6},"end":{"line":12,"column":39}},"4":{"start":{"line":14,"column":4},"end":{"line":14,"column":23}},"5":{"start":{"line":18,"column":28},"end":{"line":39,"column":3}},"6":{"start":{"line":21,"column":4},"end":{"line":23,"column":5}},"7":{"start":{"line":22,"column":6},"end":{"line":22,"column":41}},"8":{"start":{"line":26,"column":17},"end":{"line":26,"column":72}},"9":{"start":{"line":29,"column":4},"end":{"line":31,"column":5}},"10":{"start":{"line":30,"column":6},"end":{"line":30,"column":41}},"11":{"start":{"line":34,"column":20},"end":{"line":37,"column":7}},"12":{"start":{"line":34,"column":46},"end":{"line":37,"column":5}},"13":{"start":{"line":38,"column":4},"end":{"line":38,"column":19}}},"fnMap":{"0":{"name":"(anonymous_0)","decl":{"start":{"line":5,"column":2},"end":{"line":5,"column":3}},"loc":{"start":{"line":5,"column":26},"end":{"line":7,"column":3}},"line":5},"1":{"name":"(anonymous_1)","decl":{"start":{"line":9,"column":2},"end":{"line":9,"column":3}},"loc":{"start":{"line":9,"column":28},"end":{"line":15,"column":3}},"line":9},"2":{"name":"(anonymous_2)","decl":{"start":{"line":18,"column":28},"end":{"line":18,"column":29}},"loc":{"start":{"line":18,"column":47},"end":{"line":39,"column":3}},"line":18},"3":{"name":"(anonymous_3)","decl":{"start":{"line":34,"column":29},"end":{"line":34,"column":30}},"loc":{"start":{"line":34,"column":46},"end":{"line":37,"column":5}},"line":34}},"branchMap":{"0":{"loc":{"start":{"line":11,"column":4},"end":{"line":13,"column":5}},"type":"if","locations":[{"start":{"line":11,"column":4},"end":{"line":13,"column":5}},{"start":{},"end":{}}],"line":11},"1":{"loc":{"start":{"line":11,"column":8},"end":{"line":11,"column":48}},"type":"binary-expr","locations":[{"start":{"line":11,"column":8},"end":{"line":11,"column":20}},{"start":{"line":11,"column":24},"end":{"line":11,"column":48}}],"line":11},"2":{"loc":{"start":{"line":21,"column":4},"end":{"line":23,"column":5}},"type":"if","locations":[{"start":{"line":21,"column":4},"end":{"line":23,"column":5}},{"start":{},"end":{}}],"line":21},"3":{"loc":{"start":{"line":21,"column":8},"end":{"line":21,"column":41}},"type":"binary-expr","locations":[{"start":{"line":21,"column":8},"end":{"line":21,"column":16}},{"start":{"line":21,"column":20},"end":{"line":21,"column":41}}],"line":21},"4":{"loc":{"start":{"line":29,"column":4},"end":{"line":31,"column":5}},"type":"if","locations":[{"start":{"line":29,"column":4},"end":{"line":31,"column":5}},{"start":{},"end":{}}],"line":29}},"s":{"0":7,"1":3,"2":3,"3":2,"4":1,"5":7,"6":4,"7":2,"8":2,"9":2,"10":1,"11":1,"12":1,"13":1},"f":{"0":7,"1":3,"2":4,"3":1},"b":{"0":[2,1],"1":[3,2],"2":[2,2],"3":[4,3],"4":[1,1]},"inputSourceMap":null,"_coverageSchema":"1a1c01bbd47fc00a2c39e90264f33305004495a9","hash":"c0a31ee361e0248aaf39adb6033ba1e4d3eb50fd"}
}
