{
  "C:\\Users\\USER\\Desktop\\github\\SquidDelivery\\src\\constants\\auth.constant.js": {
    "path": "C:\\Users\\USER\\Desktop\\github\\SquidDelivery\\src\\constants\\auth.constant.js",
    "statementMap": {
      "0": { "start": { "line": 3, "column": 32 }, "end": { "line": 3, "column": 34 } },
      "1": { "start": { "line": 6, "column": 35 }, "end": { "line": 6, "column": 36 } },
      "2": { "start": { "line": 9, "column": 39 }, "end": { "line": 9, "column": 44 } }
    },
    "fnMap": {},
    "branchMap": {},
    "s": { "0": 2, "1": 2, "2": 2 },
    "f": {},
    "b": {},
    "_coverageSchema": "1a1c01bbd47fc00a2c39e90264f33305004495a9",
    "hash": "d1ac1880b2b5740d4b83782ace42d555bba5b699"
  },
  "C:\\Users\\USER\\Desktop\\github\\SquidDelivery\\src\\constants\\http-status.constant.js": {
    "path": "C:\\Users\\USER\\Desktop\\github\\SquidDelivery\\src\\constants\\http-status.constant.js",
    "statementMap": {
      "0": { "start": { "line": 2, "column": 27 }, "end": { "line": 11, "column": 1 } }
    },
    "fnMap": {},
    "branchMap": {},
    "s": { "0": 1 },
    "f": {},
    "b": {},
    "_coverageSchema": "1a1c01bbd47fc00a2c39e90264f33305004495a9",
    "hash": "a366940bfaecba0c4cc187d3d3de684d0997bab3"
  },
  "C:\\Users\\USER\\Desktop\\github\\SquidDelivery\\src\\constants\\message.constant.js": {
    "path": "C:\\Users\\USER\\Desktop\\github\\SquidDelivery\\src\\constants\\message.constant.js",
    "statementMap": {
      "0": { "start": { "line": 3, "column": 24 }, "end": { "line": 161, "column": 1 } },
      "1": { "start": { "line": 163, "column": 35 }, "end": { "line": 163, "column": 55 } }
    },
    "fnMap": {},
    "branchMap": {},
    "s": { "0": 2, "1": 2 },
    "f": {},
    "b": {},
    "_coverageSchema": "1a1c01bbd47fc00a2c39e90264f33305004495a9",
    "hash": "64e91d2524e29e33290c107d9c5ace0d61d5f31b"
  },
  "C:\\Users\\USER\\Desktop\\github\\SquidDelivery\\src\\repositories\\user\\cart.repository.js": {
    "path": "C:\\Users\\USER\\Desktop\\github\\SquidDelivery\\src\\repositories\\user\\cart.repository.js",
    "statementMap": {
      "0": { "start": { "line": 6, "column": 4 }, "end": { "line": 6, "column": 20 } },
      "1": { "start": { "line": 10, "column": 15 }, "end": { "line": 18, "column": 3 } },
      "2": { "start": { "line": 11, "column": 4 }, "end": { "line": 17, "column": 7 } },
      "3": { "start": { "line": 21, "column": 14 }, "end": { "line": 27, "column": 3 } },
      "4": { "start": { "line": 22, "column": 4 }, "end": { "line": 26, "column": 7 } },
      "5": { "start": { "line": 30, "column": 15 }, "end": { "line": 36, "column": 3 } },
      "6": { "start": { "line": 31, "column": 4 }, "end": { "line": 35, "column": 7 } },
      "7": { "start": { "line": 39, "column": 15 }, "end": { "line": 49, "column": 3 } },
      "8": { "start": { "line": 40, "column": 4 }, "end": { "line": 48, "column": 7 } },
      "9": { "start": { "line": 52, "column": 12 }, "end": { "line": 61, "column": 3 } },
      "10": { "start": { "line": 53, "column": 4 }, "end": { "line": 60, "column": 7 } },
      "11": { "start": { "line": 62, "column": 18 }, "end": { "line": 69, "column": 3 } },
      "12": { "start": { "line": 63, "column": 4 }, "end": { "line": 68, "column": 7 } },
      "13": { "start": { "line": 72, "column": 15 }, "end": { "line": 78, "column": 3 } },
      "14": { "start": { "line": 73, "column": 4 }, "end": { "line": 77, "column": 7 } }
    },
    "fnMap": {
      "0": {
        "name": "(anonymous_0)",
        "decl": { "start": { "line": 5, "column": 2 }, "end": { "line": 5, "column": 3 } },
        "loc": { "start": { "line": 5, "column": 19 }, "end": { "line": 7, "column": 3 } },
        "line": 5
      },
      "1": {
        "name": "(anonymous_1)",
        "decl": { "start": { "line": 10, "column": 15 }, "end": { "line": 10, "column": 16 } },
        "loc": { "start": { "line": 10, "column": 51 }, "end": { "line": 18, "column": 3 } },
        "line": 10
      },
      "2": {
        "name": "(anonymous_2)",
        "decl": { "start": { "line": 21, "column": 14 }, "end": { "line": 21, "column": 15 } },
        "loc": { "start": { "line": 21, "column": 32 }, "end": { "line": 27, "column": 3 } },
        "line": 21
      },
      "3": {
        "name": "(anonymous_3)",
        "decl": { "start": { "line": 30, "column": 15 }, "end": { "line": 30, "column": 16 } },
        "loc": { "start": { "line": 30, "column": 33 }, "end": { "line": 36, "column": 3 } },
        "line": 30
      },
      "4": {
        "name": "(anonymous_4)",
        "decl": { "start": { "line": 39, "column": 15 }, "end": { "line": 39, "column": 16 } },
        "loc": { "start": { "line": 39, "column": 33 }, "end": { "line": 49, "column": 3 } },
        "line": 39
      },
      "5": {
        "name": "(anonymous_5)",
        "decl": { "start": { "line": 52, "column": 12 }, "end": { "line": 52, "column": 13 } },
        "loc": { "start": { "line": 52, "column": 52 }, "end": { "line": 61, "column": 3 } },
        "line": 52
      },
      "6": {
        "name": "(anonymous_6)",
        "decl": { "start": { "line": 62, "column": 18 }, "end": { "line": 62, "column": 19 } },
        "loc": { "start": { "line": 62, "column": 48 }, "end": { "line": 69, "column": 3 } },
        "line": 62
      },
      "7": {
        "name": "(anonymous_7)",
        "decl": { "start": { "line": 72, "column": 15 }, "end": { "line": 72, "column": 16 } },
        "loc": { "start": { "line": 72, "column": 33 }, "end": { "line": 78, "column": 3 } },
        "line": 72
      }
    },
    "branchMap": {},
    "s": {
      "0": 7,
      "1": 7,
      "2": 1,
      "3": 7,
      "4": 1,
      "5": 7,
      "6": 1,
      "7": 7,
      "8": 1,
      "9": 7,
      "10": 1,
      "11": 7,
      "12": 1,
      "13": 7,
      "14": 1
    },
    "f": { "0": 7, "1": 1, "2": 1, "3": 1, "4": 1, "5": 1, "6": 1, "7": 1 },
    "b": {},
    "_coverageSchema": "1a1c01bbd47fc00a2c39e90264f33305004495a9",
    "hash": "f205deb392989b05ee65846f72f75419ccd997e8"
  },
  "C:\\Users\\USER\\Desktop\\github\\SquidDelivery\\src\\repositories\\user\\orders.repository.js": {
    "path": "C:\\Users\\USER\\Desktop\\github\\SquidDelivery\\src\\repositories\\user\\orders.repository.js",
    "statementMap": {
      "0": { "start": { "line": 6, "column": 4 }, "end": { "line": 6, "column": 26 } },
      "1": { "start": { "line": 9, "column": 13 }, "end": { "line": 13, "column": 3 } },
      "2": { "start": { "line": 10, "column": 4 }, "end": { "line": 12, "column": 7 } },
      "3": { "start": { "line": 16, "column": 13 }, "end": { "line": 18, "column": 3 } },
      "4": { "start": { "line": 17, "column": 4 }, "end": { "line": 17, "column": 73 } },
      "5": { "start": { "line": 21, "column": 16 }, "end": { "line": 32, "column": 3 } },
      "6": { "start": { "line": 22, "column": 4 }, "end": { "line": 31, "column": 7 } },
      "7": { "start": { "line": 34, "column": 22 }, "end": { "line": 83, "column": 3 } },
      "8": { "start": { "line": 35, "column": 4 }, "end": { "line": 82, "column": 7 } },
      "9": { "start": { "line": 38, "column": 6 }, "end": { "line": 43, "column": 9 } },
      "10": { "start": { "line": 46, "column": 6 }, "end": { "line": 51, "column": 9 } },
      "11": { "start": { "line": 53, "column": 20 }, "end": { "line": 61, "column": 8 } },
      "12": { "start": { "line": 64, "column": 6 }, "end": { "line": 70, "column": 9 } },
      "13": { "start": { "line": 72, "column": 6 }, "end": { "line": 79, "column": 9 } },
      "14": { "start": { "line": 81, "column": 6 }, "end": { "line": 81, "column": 19 } },
      "15": { "start": { "line": 85, "column": 27 }, "end": { "line": 122, "column": 3 } },
      "16": { "start": { "line": 86, "column": 4 }, "end": { "line": 121, "column": 7 } },
      "17": { "start": { "line": 89, "column": 6 }, "end": { "line": 94, "column": 9 } },
      "18": { "start": { "line": 97, "column": 6 }, "end": { "line": 102, "column": 9 } },
      "19": { "start": { "line": 105, "column": 6 }, "end": { "line": 110, "column": 9 } },
      "20": { "start": { "line": 117, "column": 6 }, "end": { "line": 120, "column": 9 } },
      "21": { "start": { "line": 124, "column": 21 }, "end": { "line": 129, "column": 3 } },
      "22": { "start": { "line": 125, "column": 4 }, "end": { "line": 128, "column": 7 } }
    },
    "fnMap": {
      "0": {
        "name": "(anonymous_0)",
        "decl": { "start": { "line": 5, "column": 2 }, "end": { "line": 5, "column": 3 } },
        "loc": { "start": { "line": 5, "column": 22 }, "end": { "line": 7, "column": 3 } },
        "line": 5
      },
      "1": {
        "name": "(anonymous_1)",
        "decl": { "start": { "line": 9, "column": 13 }, "end": { "line": 9, "column": 14 } },
        "loc": { "start": { "line": 9, "column": 31 }, "end": { "line": 13, "column": 3 } },
        "line": 9
      },
      "2": {
        "name": "(anonymous_2)",
        "decl": { "start": { "line": 16, "column": 13 }, "end": { "line": 16, "column": 14 } },
        "loc": { "start": { "line": 16, "column": 31 }, "end": { "line": 18, "column": 3 } },
        "line": 16
      },
      "3": {
        "name": "(anonymous_3)",
        "decl": { "start": { "line": 21, "column": 16 }, "end": { "line": 21, "column": 17 } },
        "loc": { "start": { "line": 21, "column": 34 }, "end": { "line": 32, "column": 3 } },
        "line": 21
      },
      "4": {
        "name": "(anonymous_4)",
        "decl": { "start": { "line": 34, "column": 22 }, "end": { "line": 34, "column": 23 } },
        "loc": { "start": { "line": 34, "column": 85 }, "end": { "line": 83, "column": 3 } },
        "line": 34
      },
      "5": {
        "name": "(anonymous_5)",
        "decl": { "start": { "line": 35, "column": 43 }, "end": { "line": 35, "column": 44 } },
        "loc": { "start": { "line": 35, "column": 57 }, "end": { "line": 82, "column": 5 } },
        "line": 35
      },
      "6": {
        "name": "(anonymous_6)",
        "decl": { "start": { "line": 85, "column": 27 }, "end": { "line": 85, "column": 28 } },
        "loc": { "start": { "line": 85, "column": 75 }, "end": { "line": 122, "column": 3 } },
        "line": 85
      },
      "7": {
        "name": "(anonymous_7)",
        "decl": { "start": { "line": 86, "column": 43 }, "end": { "line": 86, "column": 44 } },
        "loc": { "start": { "line": 86, "column": 57 }, "end": { "line": 121, "column": 5 } },
        "line": 86
      },
      "8": {
        "name": "(anonymous_8)",
        "decl": { "start": { "line": 124, "column": 21 }, "end": { "line": 124, "column": 22 } },
        "loc": { "start": { "line": 124, "column": 40 }, "end": { "line": 129, "column": 3 } },
        "line": 124
      }
    },
    "branchMap": {},
    "s": {
      "0": 5,
      "1": 5,
      "2": 1,
      "3": 5,
      "4": 1,
      "5": 5,
      "6": 0,
      "7": 5,
      "8": 1,
      "9": 1,
      "10": 1,
      "11": 1,
      "12": 1,
      "13": 1,
      "14": 1,
      "15": 5,
      "16": 1,
      "17": 1,
      "18": 1,
      "19": 1,
      "20": 1,
      "21": 5,
      "22": 1
    },
    "f": { "0": 5, "1": 1, "2": 1, "3": 0, "4": 1, "5": 1, "6": 1, "7": 1, "8": 1 },
    "b": {},
    "_coverageSchema": "1a1c01bbd47fc00a2c39e90264f33305004495a9",
    "hash": "ec7753813e40de799f5ed88c44ee08ca9477580e"
  },
  "C:\\Users\\USER\\Desktop\\github\\SquidDelivery\\src\\repositories\\user\\profile.repository.js": {
    "path": "C:\\Users\\USER\\Desktop\\github\\SquidDelivery\\src\\repositories\\user\\profile.repository.js",
    "statementMap": {
      "0": { "start": { "line": 7, "column": 4 }, "end": { "line": 7, "column": 20 } },
      "1": { "start": { "line": 10, "column": 15 }, "end": { "line": 26, "column": 3 } },
      "2": { "start": { "line": 11, "column": 4 }, "end": { "line": 25, "column": 7 } },
      "3": { "start": { "line": 28, "column": 15 }, "end": { "line": 40, "column": 3 } },
      "4": { "start": { "line": 29, "column": 4 }, "end": { "line": 39, "column": 7 } },
      "5": { "start": { "line": 42, "column": 11 }, "end": { "line": 48, "column": 3 } },
      "6": { "start": { "line": 43, "column": 4 }, "end": { "line": 47, "column": 7 } }
    },
    "fnMap": {
      "0": {
        "name": "(anonymous_0)",
        "decl": { "start": { "line": 6, "column": 2 }, "end": { "line": 6, "column": 3 } },
        "loc": { "start": { "line": 6, "column": 19 }, "end": { "line": 8, "column": 3 } },
        "line": 6
      },
      "1": {
        "name": "(anonymous_1)",
        "decl": { "start": { "line": 10, "column": 15 }, "end": { "line": 10, "column": 16 } },
        "loc": { "start": { "line": 10, "column": 29 }, "end": { "line": 26, "column": 3 } },
        "line": 10
      },
      "2": {
        "name": "(anonymous_2)",
        "decl": { "start": { "line": 28, "column": 15 }, "end": { "line": 28, "column": 16 } },
        "loc": { "start": { "line": 28, "column": 46 }, "end": { "line": 40, "column": 3 } },
        "line": 28
      },
      "3": {
        "name": "(anonymous_3)",
        "decl": { "start": { "line": 42, "column": 11 }, "end": { "line": 42, "column": 12 } },
        "loc": { "start": { "line": 42, "column": 25 }, "end": { "line": 48, "column": 3 } },
        "line": 42
      }
    },
    "branchMap": {},
    "s": { "0": 3, "1": 3, "2": 1, "3": 3, "4": 1, "5": 3, "6": 1 },
    "f": { "0": 3, "1": 1, "2": 1, "3": 1 },
    "b": {},
    "_coverageSchema": "1a1c01bbd47fc00a2c39e90264f33305004495a9",
    "hash": "0730f26de975d5957aa0e34f2a047e3cc46dd3e1"
  },
  "C:\\Users\\USER\\Desktop\\github\\SquidDelivery\\src\\repositories\\user\\review.repository.js": {
    "path": "C:\\Users\\USER\\Desktop\\github\\SquidDelivery\\src\\repositories\\user\\review.repository.js",
    "statementMap": {
      "0": { "start": { "line": 11, "column": 4 }, "end": { "line": 11, "column": 32 } },
      "1": { "start": { "line": 15, "column": 18 }, "end": { "line": 19, "column": 3 } },
      "2": { "start": { "line": 16, "column": 4 }, "end": { "line": 18, "column": 7 } },
      "3": { "start": { "line": 22, "column": 24 }, "end": { "line": 26, "column": 3 } },
      "4": { "start": { "line": 23, "column": 4 }, "end": { "line": 25, "column": 7 } },
      "5": { "start": { "line": 29, "column": 17 }, "end": { "line": 33, "column": 3 } },
      "6": { "start": { "line": 30, "column": 4 }, "end": { "line": 32, "column": 7 } },
      "7": { "start": { "line": 36, "column": 19 }, "end": { "line": 45, "column": 3 } },
      "8": { "start": { "line": 37, "column": 4 }, "end": { "line": 44, "column": 7 } },
      "9": { "start": { "line": 48, "column": 19 }, "end": { "line": 57, "column": 3 } },
      "10": { "start": { "line": 49, "column": 4 }, "end": { "line": 56, "column": 7 } },
      "11": { "start": { "line": 60, "column": 19 }, "end": { "line": 69, "column": 3 } },
      "12": { "start": { "line": 61, "column": 4 }, "end": { "line": 68, "column": 7 } },
      "13": { "start": { "line": 72, "column": 29 }, "end": { "line": 76, "column": 3 } },
      "14": { "start": { "line": 73, "column": 4 }, "end": { "line": 75, "column": 7 } },
      "15": { "start": { "line": 79, "column": 19 }, "end": { "line": 83, "column": 3 } },
      "16": { "start": { "line": 80, "column": 4 }, "end": { "line": 82, "column": 7 } },
      "17": { "start": { "line": 86, "column": 17 }, "end": { "line": 91, "column": 3 } },
      "18": { "start": { "line": 87, "column": 4 }, "end": { "line": 90, "column": 7 } },
      "19": { "start": { "line": 94, "column": 17 }, "end": { "line": 98, "column": 3 } },
      "20": { "start": { "line": 95, "column": 4 }, "end": { "line": 97, "column": 7 } }
    },
    "fnMap": {
      "0": {
        "name": "(anonymous_0)",
        "decl": { "start": { "line": 10, "column": 2 }, "end": { "line": 10, "column": 3 } },
        "loc": { "start": { "line": 10, "column": 28 }, "end": { "line": 12, "column": 3 } },
        "line": 10
      },
      "1": {
        "name": "(anonymous_1)",
        "decl": { "start": { "line": 15, "column": 18 }, "end": { "line": 15, "column": 19 } },
        "loc": { "start": { "line": 15, "column": 37 }, "end": { "line": 19, "column": 3 } },
        "line": 15
      },
      "2": {
        "name": "(anonymous_2)",
        "decl": { "start": { "line": 22, "column": 24 }, "end": { "line": 22, "column": 25 } },
        "loc": { "start": { "line": 22, "column": 43 }, "end": { "line": 26, "column": 3 } },
        "line": 22
      },
      "3": {
        "name": "(anonymous_3)",
        "decl": { "start": { "line": 29, "column": 17 }, "end": { "line": 29, "column": 18 } },
        "loc": { "start": { "line": 29, "column": 39 }, "end": { "line": 33, "column": 3 } },
        "line": 29
      },
      "4": {
        "name": "(anonymous_4)",
        "decl": { "start": { "line": 36, "column": 19 }, "end": { "line": 36, "column": 20 } },
        "loc": { "start": { "line": 36, "column": 43 }, "end": { "line": 45, "column": 3 } },
        "line": 36
      },
      "5": {
        "name": "(anonymous_5)",
        "decl": { "start": { "line": 48, "column": 19 }, "end": { "line": 48, "column": 20 } },
        "loc": { "start": { "line": 48, "column": 55 }, "end": { "line": 57, "column": 3 } },
        "line": 48
      },
      "6": {
        "name": "(anonymous_6)",
        "decl": { "start": { "line": 60, "column": 19 }, "end": { "line": 60, "column": 20 } },
        "loc": { "start": { "line": 60, "column": 31 }, "end": { "line": 69, "column": 3 } },
        "line": 60
      },
      "7": {
        "name": "(anonymous_7)",
        "decl": { "start": { "line": 72, "column": 29 }, "end": { "line": 72, "column": 30 } },
        "loc": { "start": { "line": 72, "column": 53 }, "end": { "line": 76, "column": 3 } },
        "line": 72
      },
      "8": {
        "name": "(anonymous_8)",
        "decl": { "start": { "line": 79, "column": 19 }, "end": { "line": 79, "column": 20 } },
        "loc": { "start": { "line": 79, "column": 39 }, "end": { "line": 83, "column": 3 } },
        "line": 79
      },
      "9": {
        "name": "(anonymous_9)",
        "decl": { "start": { "line": 86, "column": 17 }, "end": { "line": 86, "column": 18 } },
        "loc": { "start": { "line": 86, "column": 49 }, "end": { "line": 91, "column": 3 } },
        "line": 86
      },
      "10": {
        "name": "(anonymous_10)",
        "decl": { "start": { "line": 94, "column": 17 }, "end": { "line": 94, "column": 18 } },
        "loc": { "start": { "line": 94, "column": 37 }, "end": { "line": 98, "column": 3 } },
        "line": 94
      }
    },
    "branchMap": {},
    "s": {
      "0": 11,
      "1": 11,
      "2": 2,
      "3": 11,
      "4": 1,
      "5": 11,
      "6": 1,
      "7": 11,
      "8": 1,
      "9": 11,
      "10": 1,
      "11": 11,
      "12": 1,
      "13": 11,
      "14": 1,
      "15": 11,
      "16": 1,
      "17": 11,
      "18": 1,
      "19": 11,
      "20": 1
    },
    "f": {
      "0": 11,
      "1": 2,
      "2": 1,
      "3": 1,
      "4": 1,
      "5": 1,
      "6": 1,
      "7": 1,
      "8": 1,
      "9": 1,
      "10": 1
    },
    "b": {},
    "_coverageSchema": "1a1c01bbd47fc00a2c39e90264f33305004495a9",
    "hash": "eae2d6fb9dab407c6f44a0e29a067228d3a09204"
  },
  "C:\\Users\\USER\\Desktop\\github\\SquidDelivery\\src\\repositories\\user\\user.repository.js": {
    "path": "C:\\Users\\USER\\Desktop\\github\\SquidDelivery\\src\\repositories\\user\\user.repository.js",
    "statementMap": {
      "0": { "start": { "line": 8, "column": 4 }, "end": { "line": 8, "column": 20 } },
      "1": { "start": { "line": 11, "column": 15 }, "end": { "line": 24, "column": 3 } },
      "2": { "start": { "line": 12, "column": 24 }, "end": { "line": 12, "column": 77 } },
      "3": { "start": { "line": 14, "column": 4 }, "end": { "line": 19, "column": 5 } },
      "4": { "start": { "line": 15, "column": 6 }, "end": { "line": 18, "column": 8 } },
      "5": { "start": { "line": 21, "column": 4 }, "end": { "line": 23, "column": 7 } },
      "6": { "start": { "line": 26, "column": 15 }, "end": { "line": 37, "column": 3 } },
      "7": { "start": { "line": 27, "column": 17 }, "end": { "line": 27, "column": 70 } },
      "8": { "start": { "line": 29, "column": 4 }, "end": { "line": 34, "column": 5 } },
      "9": { "start": { "line": 30, "column": 6 }, "end": { "line": 33, "column": 8 } },
      "10": { "start": { "line": 36, "column": 4 }, "end": { "line": 36, "column": 16 } }
    },
    "fnMap": {
      "0": {
        "name": "(anonymous_0)",
        "decl": { "start": { "line": 7, "column": 2 }, "end": { "line": 7, "column": 3 } },
        "loc": { "start": { "line": 7, "column": 19 }, "end": { "line": 9, "column": 3 } },
        "line": 7
      },
      "1": {
        "name": "(anonymous_1)",
        "decl": { "start": { "line": 11, "column": 15 }, "end": { "line": 11, "column": 16 } },
        "loc": { "start": { "line": 11, "column": 75 }, "end": { "line": 24, "column": 3 } },
        "line": 11
      },
      "2": {
        "name": "(anonymous_2)",
        "decl": { "start": { "line": 26, "column": 15 }, "end": { "line": 26, "column": 16 } },
        "loc": { "start": { "line": 26, "column": 36 }, "end": { "line": 37, "column": 3 } },
        "line": 26
      }
    },
    "branchMap": {
      "0": {
        "loc": { "start": { "line": 14, "column": 4 }, "end": { "line": 19, "column": 5 } },
        "type": "if",
        "locations": [
          { "start": { "line": 14, "column": 4 }, "end": { "line": 19, "column": 5 } },
          { "start": {}, "end": {} }
        ],
        "line": 14
      },
      "1": {
        "loc": { "start": { "line": 29, "column": 4 }, "end": { "line": 34, "column": 5 } },
        "type": "if",
        "locations": [
          { "start": { "line": 29, "column": 4 }, "end": { "line": 34, "column": 5 } },
          { "start": {}, "end": {} }
        ],
        "line": 29
      }
    },
    "s": {
      "0": 4,
      "1": 4,
      "2": 2,
      "3": 2,
      "4": 1,
      "5": 1,
      "6": 4,
      "7": 2,
      "8": 2,
      "9": 1,
      "10": 1
    },
    "f": { "0": 4, "1": 2, "2": 2 },
    "b": { "0": [1, 1], "1": [1, 1] },
    "_coverageSchema": "1a1c01bbd47fc00a2c39e90264f33305004495a9",
    "hash": "e9a48a5374b4f7e9ab839c15a86d759d413ad858"
  },
  "C:\\Users\\USER\\Desktop\\github\\SquidDelivery\\src\\repositories\\user\\user.restaurants.repository.js": {
    "path": "C:\\Users\\USER\\Desktop\\github\\SquidDelivery\\src\\repositories\\user\\user.restaurants.repository.js",
    "statementMap": {
      "0": { "start": { "line": 8, "column": 4 }, "end": { "line": 8, "column": 26 } },
      "1": { "start": { "line": 12, "column": 4 }, "end": { "line": 28, "column": 7 } },
      "2": { "start": { "line": 32, "column": 23 }, "end": { "line": 45, "column": 6 } },
      "3": { "start": { "line": 47, "column": 4 }, "end": { "line": 49, "column": 5 } },
      "4": { "start": { "line": 48, "column": 6 }, "end": { "line": 48, "column": 61 } },
      "5": { "start": { "line": 50, "column": 4 }, "end": { "line": 50, "column": 22 } },
      "6": { "start": { "line": 54, "column": 28 }, "end": { "line": 81, "column": 3 } },
      "7": { "start": { "line": 55, "column": 17 }, "end": { "line": 78, "column": 6 } },
      "8": { "start": { "line": 80, "column": 4 }, "end": { "line": 80, "column": 16 } }
    },
    "fnMap": {
      "0": {
        "name": "(anonymous_0)",
        "decl": { "start": { "line": 7, "column": 2 }, "end": { "line": 7, "column": 3 } },
        "loc": { "start": { "line": 7, "column": 22 }, "end": { "line": 9, "column": 3 } },
        "line": 7
      },
      "1": {
        "name": "(anonymous_1)",
        "decl": { "start": { "line": 11, "column": 2 }, "end": { "line": 11, "column": 3 } },
        "loc": { "start": { "line": 11, "column": 28 }, "end": { "line": 29, "column": 3 } },
        "line": 11
      },
      "2": {
        "name": "(anonymous_2)",
        "decl": { "start": { "line": 31, "column": 2 }, "end": { "line": 31, "column": 3 } },
        "loc": { "start": { "line": 31, "column": 34 }, "end": { "line": 51, "column": 3 } },
        "line": 31
      },
      "3": {
        "name": "(anonymous_3)",
        "decl": { "start": { "line": 54, "column": 28 }, "end": { "line": 54, "column": 29 } },
        "loc": { "start": { "line": 54, "column": 47 }, "end": { "line": 81, "column": 3 } },
        "line": 54
      }
    },
    "branchMap": {
      "0": {
        "loc": { "start": { "line": 47, "column": 4 }, "end": { "line": 49, "column": 5 } },
        "type": "if",
        "locations": [
          { "start": { "line": 47, "column": 4 }, "end": { "line": 49, "column": 5 } },
          { "start": {}, "end": {} }
        ],
        "line": 47
      }
    },
    "s": { "0": 4, "1": 1, "2": 2, "3": 2, "4": 1, "5": 1, "6": 4, "7": 1, "8": 1 },
    "f": { "0": 4, "1": 1, "2": 2, "3": 1 },
    "b": { "0": [1, 1] },
    "_coverageSchema": "1a1c01bbd47fc00a2c39e90264f33305004495a9",
    "hash": "8e0cb9f0af34e8ca8b0997f24dc133c8a6223cdd"
  },
  "C:\\Users\\USER\\Desktop\\github\\SquidDelivery\\src\\utils\\prisma\\index.js": {
    "path": "C:\\Users\\USER\\Desktop\\github\\SquidDelivery\\src\\utils\\prisma\\index.js",
    "statementMap": {
      "0": { "start": { "line": 3, "column": 22 }, "end": { "line": 9, "column": 2 } }
    },
    "fnMap": {},
    "branchMap": {},
    "s": { "0": 1 },
    "f": {},
    "b": {},
    "_coverageSchema": "1a1c01bbd47fc00a2c39e90264f33305004495a9",
    "hash": "daa6de8ae17cd089c052c0f728b833a71a582f30"
  }
}
