TN:
SF:src\constants\auth.constant.js
FNF:0
FNH:0
DA:3,3
DA:6,3
DA:9,3
LF:3
LH:3
BRF:0
BRH:0
end_of_record
TN:
SF:src\constants\http-status.constant.js
FNF:0
FNH:0
DA:2,2
LF:1
LH:1
BRF:0
BRH:0
end_of_record
TN:
SF:src\constants\message.constant.js
FNF:0
FNH:0
DA:3,3
DA:163,3
LF:2
LH:2
BRF:0
BRH:0
end_of_record
TN:
SF:src\repositories\partner\comment.repository.js
FN:10,(anonymous_0)
FN:15,(anonymous_1)
FN:32,(anonymous_2)
FN:39,(anonymous_3)
FN:56,(anonymous_4)
FN:68,(anonymous_5)
FN:76,(anonymous_6)
FNF:7
FNH:7
FNDA:6,(anonymous_0)
FNDA:1,(anonymous_1)
FNDA:1,(anonymous_2)
FNDA:1,(anonymous_3)
FNDA:1,(anonymous_4)
FNDA:1,(anonymous_5)
FNDA:1,(anonymous_6)
DA:11,6
DA:15,6
DA:16,1
DA:32,6
DA:33,1
DA:39,6
DA:40,1
DA:52,1
DA:56,6
DA:57,1
DA:68,6
DA:69,1
DA:76,6
DA:77,1
LF:14
LH:14
BRF:0
BRH:0
end_of_record
TN:
SF:src\repositories\partner\menu.repository.js
FN:4,(anonymous_0)
FN:8,(anonymous_1)
FN:20,(anonymous_2)
FN:30,(anonymous_3)
FN:45,(anonymous_4)
FNF:5
FNH:5
FNDA:4,(anonymous_0)
FNDA:1,(anonymous_1)
FNDA:1,(anonymous_2)
FNDA:1,(anonymous_3)
FNDA:1,(anonymous_4)
DA:5,4
DA:8,4
DA:9,1
DA:17,1
DA:20,4
DA:21,1
DA:26,1
DA:30,4
DA:31,1
DA:42,1
DA:45,4
DA:47,1
DA:53,1
LF:13
LH:13
BRF:0
BRH:0
end_of_record
TN:
SF:src\repositories\user\review.repository.js
FN:10,(anonymous_0)
FN:15,(anonymous_1)
FN:22,(anonymous_2)
FN:29,(anonymous_3)
FN:36,(anonymous_4)
FN:48,(anonymous_5)
FN:60,(anonymous_6)
FN:72,(anonymous_7)
FN:79,(anonymous_8)
FN:86,(anonymous_9)
FN:94,(anonymous_10)
FNF:11
FNH:11
FNDA:11,(anonymous_0)
FNDA:2,(anonymous_1)
FNDA:1,(anonymous_2)
FNDA:1,(anonymous_3)
FNDA:1,(anonymous_4)
FNDA:1,(anonymous_5)
FNDA:1,(anonymous_6)
FNDA:1,(anonymous_7)
FNDA:1,(anonymous_8)
FNDA:1,(anonymous_9)
FNDA:1,(anonymous_10)
DA:11,11
DA:15,11
DA:16,2
DA:22,11
DA:23,1
DA:29,11
DA:30,1
DA:36,11
DA:37,1
DA:48,11
DA:49,1
DA:60,11
DA:61,1
DA:72,11
DA:73,1
DA:79,11
DA:80,1
DA:86,11
DA:87,1
DA:94,11
DA:95,1
LF:21
LH:21
BRF:0
BRH:0
end_of_record
TN:
SF:src\services\partner\comment.service.js
FN:12,(anonymous_0)
FN:17,(anonymous_1)
FN:55,(anonymous_2)
FN:64,(anonymous_3)
FN:90,(anonymous_4)
FNF:5
FNH:5
FNDA:11,(anonymous_0)
FNDA:4,(anonymous_1)
FNDA:1,(anonymous_2)
FNDA:3,(anonymous_3)
FNDA:3,(anonymous_4)
DA:13,11
DA:17,11
DA:19,4
DA:20,4
DA:21,1
DA:22,1
DA:23,1
DA:27,3
DA:28,1
DA:29,1
DA:30,1
DA:34,2
DA:35,2
DA:36,1
DA:37,1
DA:38,1
DA:42,1
DA:48,1
DA:55,11
DA:56,1
DA:57,1
DA:64,11
DA:66,3
DA:67,3
DA:68,1
DA:69,1
DA:70,1
DA:74,2
DA:75,1
DA:76,1
DA:77,1
DA:81,1
DA:83,1
DA:90,11
DA:92,3
DA:93,3
DA:94,3
DA:95,1
DA:96,1
DA:97,1
DA:101,2
DA:102,1
DA:103,1
DA:104,1
DA:108,1
DA:110,1
LF:46
LH:46
BRDA:20,0,0,1
BRDA:20,0,1,3
BRDA:27,1,0,1
BRDA:27,1,1,2
BRDA:35,2,0,1
BRDA:35,2,1,1
BRDA:67,3,0,1
BRDA:67,3,1,2
BRDA:74,4,0,1
BRDA:74,4,1,1
BRDA:94,5,0,1
BRDA:94,5,1,2
BRDA:101,6,0,1
BRDA:101,6,1,1
BRF:14
BRH:14
end_of_record
TN:
SF:src\services\partner\menu.service.js
FN:5,(anonymous_0)
FN:8,(anonymous_1)
FN:21,(anonymous_2)
FN:27,(anonymous_3)
FN:35,(anonymous_4)
FNF:5
FNH:5
FNDA:5,(anonymous_0)
FNDA:2,(anonymous_1)
FNDA:1,(anonymous_2)
FNDA:1,(anonymous_3)
FNDA:1,(anonymous_4)
DA:6,5
DA:8,5
DA:9,2
DA:10,1
DA:12,1
DA:18,1
DA:21,5
DA:22,1
DA:25,1
DA:27,5
DA:28,1
DA:32,1
DA:35,5
DA:36,1
DA:39,1
LF:15
LH:15
BRDA:9,0,0,1
BRDA:9,0,1,1
BRDA:9,1,0,2
BRDA:9,1,1,1
BRDA:9,1,2,1
BRF:5
BRH:5
end_of_record
TN:
SF:src\services\partner\orders.service.js
FN:5,(anonymous_0)
FN:9,(anonymous_1)
FN:36,(anonymous_2)
FN:61,(anonymous_3)
FN:87,(anonymous_4)
FN:105,(anonymous_5)
FNF:6
FNH:5
FNDA:11,(anonymous_0)
FNDA:3,(anonymous_1)
FNDA:3,(anonymous_2)
FNDA:2,(anonymous_3)
FNDA:3,(anonymous_4)
FNDA:0,(anonymous_5)
DA:6,11
DA:9,11
DA:10,3
DA:11,3
DA:13,2
DA:14,1
DA:20,1
DA:22,1
DA:28,1
DA:29,1
DA:36,11
DA:37,3
DA:39,3
DA:40,1
DA:46,2
DA:47,2
DA:48,1
DA:54,1
DA:61,11
DA:62,2
DA:64,2
DA:65,1
DA:71,1
DA:72,1
DA:73,0
DA:78,1
DA:80,1
DA:87,11
DA:88,3
DA:90,3
DA:91,1
DA:96,2
DA:97,2
DA:98,2
DA:99,2
DA:104,0
DA:105,0
DA:106,0
DA:114,0
DA:115,0
DA:121,0
LF:41
LH:34
BRDA:13,0,0,1
BRDA:13,0,1,1
BRDA:39,1,0,1
BRDA:39,1,1,2
BRDA:47,2,0,1
BRDA:47,2,1,1
BRDA:64,3,0,1
BRDA:64,3,1,1
BRDA:72,4,0,0
BRDA:72,4,1,1
BRDA:90,5,0,1
BRDA:90,5,1,2
BRDA:98,6,0,2
BRDA:98,6,1,0
BRDA:114,7,0,0
BRDA:114,7,1,0
BRF:16
BRH:12
end_of_record
TN:
SF:src\services\partner\partner.restaurants.service.js
FN:6,(anonymous_0)
FN:10,(anonymous_1)
FN:17,(anonymous_2)
FN:25,(anonymous_3)
FN:33,(anonymous_4)
FN:37,(anonymous_5)
FNF:6
FNH:6
FNDA:10,(anonymous_0)
FNDA:2,(anonymous_1)
FNDA:2,(anonymous_2)
FNDA:2,(anonymous_3)
FNDA:1,(anonymous_4)
FNDA:3,(anonymous_5)
DA:7,10
DA:11,2
DA:12,1
DA:14,1
DA:18,2
DA:19,2
DA:20,1
DA:22,1
DA:26,2
DA:27,2
DA:28,1
DA:30,1
DA:34,1
DA:38,3
DA:40,3
DA:41,1
DA:44,2
DA:45,1
LF:18
LH:18
BRDA:11,0,0,1
BRDA:11,0,1,1
BRDA:19,1,0,1
BRDA:19,1,1,1
BRDA:27,2,0,1
BRDA:27,2,1,1
BRDA:40,3,0,1
BRDA:40,3,1,2
BRDA:44,4,0,1
BRDA:44,4,1,1
BRF:10
BRH:10
end_of_record
TN:
SF:src\services\user\cart.service.js
FN:5,(anonymous_0)
FN:10,(anonymous_1)
FN:15,(anonymous_2)
FN:20,(anonymous_3)
FN:25,(anonymous_4)
FN:30,(anonymous_5)
FN:36,(anonymous_6)
FN:41,(anonymous_7)
FNF:8
FNH:7
FNDA:5,(anonymous_0)
FNDA:1,(anonymous_1)
FNDA:2,(anonymous_2)
FNDA:1,(anonymous_3)
FNDA:1,(anonymous_4)
FNDA:1,(anonymous_5)
FNDA:0,(anonymous_6)
FNDA:1,(anonymous_7)
DA:6,5
DA:10,5
DA:11,1
DA:15,5
DA:16,2
DA:20,5
DA:21,1
DA:25,5
DA:26,1
DA:30,5
DA:31,1
DA:32,1
DA:34,1
DA:36,5
DA:37,0
DA:41,5
DA:42,1
LF:17
LH:16
BRF:0
BRH:0
end_of_record
TN:
SF:src\services\user\orders.service.js
FN:5,(anonymous_0)
FN:9,(anonymous_1)
FN:18,(anonymous_2)
FN:20,(anonymous_3)
FN:61,(anonymous_4)
FN:80,(anonymous_5)
FNF:6
FNH:6
FNDA:6,(anonymous_0)
FNDA:3,(anonymous_1)
FNDA:4,(anonymous_2)
FNDA:4,(anonymous_3)
FNDA:3,(anonymous_4)
FNDA:2,(anonymous_5)
DA:6,6
DA:9,6
DA:10,3
DA:11,3
DA:12,1
DA:18,4
DA:20,4
DA:22,2
DA:25,2
DA:26,0
DA:33,2
DA:34,2
DA:35,1
DA:42,1
DA:43,1
DA:45,1
DA:54,1
DA:61,6
DA:62,3
DA:64,3
DA:65,1
DA:71,2
DA:72,1
DA:79,1
DA:80,2
DA:81,1
DA:82,1
DA:84,1
DA:91,1
DA:92,0
DA:98,1
LF:31
LH:29
BRDA:11,0,0,1
BRDA:11,0,1,2
BRDA:25,1,0,0
BRDA:25,1,1,2
BRDA:34,2,0,1
BRDA:34,2,1,1
BRDA:34,3,0,2
BRDA:34,3,1,2
BRDA:64,4,0,1
BRDA:64,4,1,2
BRDA:71,5,0,1
BRDA:71,5,1,1
BRDA:91,6,0,0
BRDA:91,6,1,1
BRF:14
BRH:12
end_of_record
TN:
SF:src\services\user\review.service.js
FN:12,(anonymous_0)
FN:17,(anonymous_1)
FN:64,(anonymous_2)
FN:73,(anonymous_3)
FN:102,(anonymous_4)
FNF:5
FNH:5
FNDA:11,(anonymous_0)
FNDA:4,(anonymous_1)
FNDA:1,(anonymous_2)
FNDA:3,(anonymous_3)
FNDA:3,(anonymous_4)
DA:13,11
DA:17,11
DA:19,4
DA:20,4
DA:21,1
DA:22,1
DA:23,1
DA:26,3
DA:29,3
DA:30,3
DA:31,1
DA:32,1
DA:33,1
DA:37,2
DA:38,1
DA:39,1
DA:40,1
DA:44,1
DA:54,1
DA:55,1
DA:57,1
DA:64,11
DA:65,1
DA:66,1
DA:73,11
DA:75,3
DA:76,3
DA:77,1
DA:78,1
DA:79,1
DA:83,2
DA:84,1
DA:85,1
DA:86,1
DA:89,1
DA:95,1
DA:102,11
DA:104,3
DA:105,3
DA:106,1
DA:107,1
DA:108,1
DA:112,2
DA:113,1
DA:114,1
DA:115,1
DA:118,1
DA:120,1
LF:48
LH:48
BRDA:20,0,0,1
BRDA:20,0,1,3
BRDA:30,1,0,1
BRDA:30,1,1,2
BRDA:37,2,0,1
BRDA:37,2,1,1
BRDA:37,3,0,2
BRDA:37,3,1,2
BRDA:76,4,0,1
BRDA:76,4,1,2
BRDA:83,5,0,1
BRDA:83,5,1,1
BRDA:105,6,0,1
BRDA:105,6,1,2
BRDA:112,7,0,1
BRDA:112,7,1,1
BRF:16
BRH:16
end_of_record
TN:
SF:src\services\user\user.restaurants.service.js
FN:5,(anonymous_0)
FN:9,(anonymous_1)
FN:18,(anonymous_2)
FN:34,(anonymous_3)
FNF:4
FNH:4
FNDA:7,(anonymous_0)
FNDA:3,(anonymous_1)
FNDA:4,(anonymous_2)
FNDA:1,(anonymous_3)
DA:6,7
DA:10,3
DA:11,3
DA:12,2
DA:14,1
DA:18,7
DA:21,4
DA:22,2
DA:26,2
DA:29,2
DA:30,1
DA:34,1
DA:38,1
LF:13
LH:13
BRDA:11,0,0,2
BRDA:11,0,1,1
BRDA:11,1,0,3
BRDA:11,1,1,2
BRDA:21,2,0,2
BRDA:21,2,1,2
BRDA:21,3,0,4
BRDA:21,3,1,3
BRDA:29,4,0,1
BRDA:29,4,1,1
BRF:10
BRH:10
end_of_record
