TN:
SF:src\constants\auth.constant.js
FNF:0
FNH:0
DA:3,2
DA:6,2
DA:9,2
LF:3
LH:3
BRF:0
BRH:0
end_of_record
TN:
SF:src\constants\http-status.constant.js
FNF:0
FNH:0
DA:2,1
LF:1
LH:1
BRF:0
BRH:0
end_of_record
TN:
SF:src\constants\message.constant.js
FNF:0
FNH:0
DA:3,2
DA:151,2
LF:2
LH:2
BRF:0
BRH:0
end_of_record
TN:
SF:src\services\partner\comment.service.js
FN:13,(anonymous_0)
FN:18,(anonymous_1)
FN:56,(anonymous_2)
FN:65,(anonymous_3)
FN:91,(anonymous_4)
FNF:5
FNH:5
FNDA:11,(anonymous_0)
FNDA:4,(anonymous_1)
FNDA:1,(anonymous_2)
FNDA:3,(anonymous_3)
FNDA:3,(anonymous_4)
DA:14,11
DA:18,11
DA:20,4
DA:21,4
DA:22,1
DA:23,1
DA:24,1
DA:28,3
DA:29,1
DA:30,1
DA:31,1
DA:35,2
DA:36,2
DA:37,1
DA:38,1
DA:39,1
DA:43,1
DA:49,1
DA:56,11
DA:57,1
DA:58,1
DA:65,11
DA:67,3
DA:68,3
DA:69,1
DA:70,1
DA:71,1
DA:75,2
DA:76,1
DA:77,1
DA:78,1
DA:82,1
DA:84,1
DA:91,11
DA:93,3
DA:94,3
DA:95,3
DA:96,1
DA:97,1
DA:98,1
DA:102,2
DA:103,1
DA:104,1
DA:105,1
DA:109,1
DA:111,1
LF:46
LH:46
BRDA:21,0,0,1
BRDA:21,0,1,3
BRDA:28,1,0,1
BRDA:28,1,1,2
BRDA:36,2,0,1
BRDA:36,2,1,1
BRDA:68,3,0,1
BRDA:68,3,1,2
BRDA:75,4,0,1
BRDA:75,4,1,1
BRDA:95,5,0,1
BRDA:95,5,1,2
BRDA:102,6,0,1
BRDA:102,6,1,1
BRF:14
BRH:14
end_of_record
TN:
SF:src\services\partner\menu.service.js
FN:6,(anonymous_0)
FN:9,(anonymous_1)
FN:22,(anonymous_2)
FN:28,(anonymous_3)
FN:36,(anonymous_4)
FNF:5
FNH:5
FNDA:5,(anonymous_0)
FNDA:2,(anonymous_1)
FNDA:1,(anonymous_2)
FNDA:1,(anonymous_3)
FNDA:1,(anonymous_4)
DA:7,5
DA:9,5
DA:10,2
DA:11,1
DA:13,1
DA:19,1
DA:22,5
DA:23,1
DA:26,1
DA:28,5
DA:29,1
DA:33,1
DA:36,5
DA:37,1
DA:40,1
LF:15
LH:15
BRDA:10,0,0,1
BRDA:10,0,1,1
BRDA:10,1,0,2
BRDA:10,1,1,1
BRDA:10,1,2,1
BRF:5
BRH:5
end_of_record
TN:
SF:src\services\partner\orders.service.js
FN:6,(anonymous_0)
FN:10,(anonymous_1)
FN:37,(anonymous_2)
FN:62,(anonymous_3)
FN:88,(anonymous_4)
FNF:5
FNH:5
FNDA:11,(anonymous_0)
FNDA:3,(anonymous_1)
FNDA:3,(anonymous_2)
FNDA:2,(anonymous_3)
FNDA:3,(anonymous_4)
DA:7,11
DA:10,11
DA:11,3
DA:12,3
DA:14,2
DA:15,1
DA:21,1
DA:23,1
DA:29,1
DA:30,1
DA:37,11
DA:38,3
DA:40,3
DA:41,1
DA:47,2
DA:48,2
DA:49,1
DA:55,1
DA:62,11
DA:63,2
DA:65,2
DA:66,1
DA:72,1
DA:73,1
DA:74,0
DA:79,1
DA:81,1
DA:88,11
DA:89,3
DA:91,3
DA:92,1
DA:98,2
DA:100,2
DA:101,1
DA:106,1
LF:35
LH:34
BRDA:14,0,0,1
BRDA:14,0,1,1
BRDA:40,1,0,1
BRDA:40,1,1,2
BRDA:48,2,0,1
BRDA:48,2,1,1
BRDA:65,3,0,1
BRDA:65,3,1,1
BRDA:73,4,0,0
BRDA:73,4,1,1
BRDA:91,5,0,1
BRDA:91,5,1,2
BRDA:100,6,0,1
BRDA:100,6,1,1
BRF:14
BRH:13
end_of_record
TN:
SF:src\services\partner\partner.restaurants.service.js
FN:6,(anonymous_0)
FN:10,(anonymous_1)
FN:17,(anonymous_2)
FN:25,(anonymous_3)
FN:33,(anonymous_4)
FN:37,(anonymous_5)
FNF:6
FNH:6
FNDA:10,(anonymous_0)
FNDA:2,(anonymous_1)
FNDA:2,(anonymous_2)
FNDA:2,(anonymous_3)
FNDA:1,(anonymous_4)
FNDA:3,(anonymous_5)
DA:7,10
DA:11,2
DA:12,1
DA:14,1
DA:18,2
DA:19,2
DA:20,1
DA:22,1
DA:26,2
DA:27,2
DA:28,1
DA:30,1
DA:34,1
DA:38,3
DA:40,3
DA:41,1
DA:44,2
DA:45,1
LF:18
LH:18
BRDA:11,0,0,1
BRDA:11,0,1,1
BRDA:19,1,0,1
BRDA:19,1,1,1
BRDA:27,2,0,1
BRDA:27,2,1,1
BRDA:40,3,0,1
BRDA:40,3,1,2
BRDA:44,4,0,1
BRDA:44,4,1,1
BRF:10
BRH:10
end_of_record
